[2022-08-08 20:44:52,840] {taskinstance.py:1159} INFO - Dependencies all met for <TaskInstance: student_dag.processing_data manual__2022-08-08T20:43:27.760548+00:00 [queued]>
[2022-08-08 20:44:52,849] {taskinstance.py:1159} INFO - Dependencies all met for <TaskInstance: student_dag.processing_data manual__2022-08-08T20:43:27.760548+00:00 [queued]>
[2022-08-08 20:44:52,850] {taskinstance.py:1356} INFO - 
--------------------------------------------------------------------------------
[2022-08-08 20:44:52,850] {taskinstance.py:1357} INFO - Starting attempt 1 of 1
[2022-08-08 20:44:52,850] {taskinstance.py:1358} INFO - 
--------------------------------------------------------------------------------
[2022-08-08 20:44:52,864] {taskinstance.py:1377} INFO - Executing <Task(BashOperator): processing_data> on 2022-08-08 20:43:27.760548+00:00
[2022-08-08 20:44:52,868] {standard_task_runner.py:52} INFO - Started process 874 to run task
[2022-08-08 20:44:52,871] {standard_task_runner.py:79} INFO - Running: ['***', 'tasks', 'run', 'student_dag', 'processing_data', 'manual__2022-08-08T20:43:27.760548+00:00', '--job-id', '18', '--raw', '--subdir', 'DAGS_FOLDER/students_dag.py', '--cfg-path', '/tmp/tmp8hzqdfaf', '--error-file', '/tmp/tmpim_dgx01']
[2022-08-08 20:44:52,872] {standard_task_runner.py:80} INFO - Job 18: Subtask processing_data
[2022-08-08 20:44:52,919] {task_command.py:369} INFO - Running <TaskInstance: student_dag.processing_data manual__2022-08-08T20:43:27.760548+00:00 [running]> on host 27972d936a32
[2022-08-08 20:44:52,985] {taskinstance.py:1571} INFO - Exporting the following env vars:
AIRFLOW_CTX_DAG_OWNER=ankit
AIRFLOW_CTX_DAG_ID=student_dag
AIRFLOW_CTX_TASK_ID=processing_data
AIRFLOW_CTX_EXECUTION_DATE=2022-08-08T20:43:27.760548+00:00
AIRFLOW_CTX_TRY_NUMBER=1
AIRFLOW_CTX_DAG_RUN_ID=manual__2022-08-08T20:43:27.760548+00:00
[2022-08-08 20:44:52,986] {subprocess.py:62} INFO - Tmp dir root location: 
 /tmp
[2022-08-08 20:44:52,987] {subprocess.py:74} INFO - Running command: ['bash', '-c', 'echo Hello']
[2022-08-08 20:44:52,995] {subprocess.py:85} INFO - Output:
[2022-08-08 20:44:52,996] {subprocess.py:92} INFO - Hello
[2022-08-08 20:44:52,997] {subprocess.py:96} INFO - Command exited with return code 0
[2022-08-08 20:44:53,008] {taskinstance.py:1400} INFO - Marking task as SUCCESS. dag_id=student_dag, task_id=processing_data, execution_date=20220808T204327, start_date=20220808T204452, end_date=20220808T204453
[2022-08-08 20:44:53,043] {local_task_job.py:156} INFO - Task exited with return code 0
[2022-08-08 20:44:53,070] {local_task_job.py:273} INFO - 0 downstream tasks scheduled from follow-on schedule check
