[2022-08-08 14:53:36,091] {taskinstance.py:1159} INFO - Dependencies all met for <TaskInstance: student_dag.is_file_present scheduled__2022-08-07T00:00:00+00:00 [queued]>
[2022-08-08 14:53:36,103] {taskinstance.py:1159} INFO - Dependencies all met for <TaskInstance: student_dag.is_file_present scheduled__2022-08-07T00:00:00+00:00 [queued]>
[2022-08-08 14:53:36,104] {taskinstance.py:1356} INFO - 
--------------------------------------------------------------------------------
[2022-08-08 14:53:36,104] {taskinstance.py:1357} INFO - Starting attempt 1 of 1
[2022-08-08 14:53:36,104] {taskinstance.py:1358} INFO - 
--------------------------------------------------------------------------------
[2022-08-08 14:53:36,125] {taskinstance.py:1377} INFO - Executing <Task(FileSensor): is_file_present> on 2022-08-07 00:00:00+00:00
[2022-08-08 14:53:36,129] {standard_task_runner.py:52} INFO - Started process 72 to run task
[2022-08-08 14:53:36,132] {standard_task_runner.py:79} INFO - Running: ['***', 'tasks', 'run', 'student_dag', 'is_file_present', 'scheduled__2022-08-07T00:00:00+00:00', '--job-id', '43', '--raw', '--subdir', 'DAGS_FOLDER/students_dag.py', '--cfg-path', '/tmp/tmptq79f_nu', '--error-file', '/tmp/tmpd18mp5hi']
[2022-08-08 14:53:36,133] {standard_task_runner.py:80} INFO - Job 43: Subtask is_file_present
[2022-08-08 14:53:36,150] {warnings.py:110} WARNING - /home/***/.local/lib/python3.7/site-packages/***/configuration.py:470: DeprecationWarning: The sql_alchemy_conn option in [core] has been moved to the sql_alchemy_conn option in [database] - the old setting has been used, but please update your config.
  option = self._get_environment_variables(deprecated_key, deprecated_section, key, section)

[2022-08-08 14:53:36,213] {task_command.py:369} INFO - Running <TaskInstance: student_dag.is_file_present scheduled__2022-08-07T00:00:00+00:00 [running]> on host 4b002c17c6af
[2022-08-08 14:53:36,385] {taskinstance.py:1571} INFO - Exporting the following env vars:
AIRFLOW_CTX_DAG_OWNER=ankit
AIRFLOW_CTX_DAG_ID=student_dag
AIRFLOW_CTX_TASK_ID=is_file_present
AIRFLOW_CTX_EXECUTION_DATE=2022-08-07T00:00:00+00:00
AIRFLOW_CTX_TRY_NUMBER=1
AIRFLOW_CTX_DAG_RUN_ID=scheduled__2022-08-07T00:00:00+00:00
[2022-08-08 14:53:36,445] {base.py:68} INFO - Using connection ID 'student_file_conn' for task execution.
[2022-08-08 14:53:36,445] {filesystem.py:58} INFO - Poking for file /opt/***/datasets/Students_data.csv
[2022-08-08 14:53:36,496] {filesystem.py:63} INFO - Found File /opt/***/datasets/Students_data.csv last modified: 20220719222414
[2022-08-08 14:53:36,497] {base.py:301} INFO - Success criteria met. Exiting.
[2022-08-08 14:53:36,613] {taskinstance.py:1400} INFO - Marking task as SUCCESS. dag_id=student_dag, task_id=is_file_present, execution_date=20220807T000000, start_date=20220808T145336, end_date=20220808T145336
[2022-08-08 14:53:36,666] {local_task_job.py:156} INFO - Task exited with return code 0
[2022-08-08 14:53:36,828] {local_task_job.py:273} INFO - 1 downstream tasks scheduled from follow-on schedule check
[2022-08-08 20:30:49,207] {taskinstance.py:1159} INFO - Dependencies all met for <TaskInstance: student_dag.is_file_present scheduled__2022-08-07T00:00:00+00:00 [queued]>
[2022-08-08 20:30:49,215] {taskinstance.py:1159} INFO - Dependencies all met for <TaskInstance: student_dag.is_file_present scheduled__2022-08-07T00:00:00+00:00 [queued]>
[2022-08-08 20:30:49,215] {taskinstance.py:1356} INFO - 
--------------------------------------------------------------------------------
[2022-08-08 20:30:49,215] {taskinstance.py:1357} INFO - Starting attempt 1 of 1
[2022-08-08 20:30:49,216] {taskinstance.py:1358} INFO - 
--------------------------------------------------------------------------------
[2022-08-08 20:30:49,227] {taskinstance.py:1377} INFO - Executing <Task(FileSensor): is_file_present> on 2022-08-07 00:00:00+00:00
[2022-08-08 20:30:49,231] {standard_task_runner.py:52} INFO - Started process 314 to run task
[2022-08-08 20:30:49,233] {standard_task_runner.py:79} INFO - Running: ['***', 'tasks', 'run', 'student_dag', 'is_file_present', 'scheduled__2022-08-07T00:00:00+00:00', '--job-id', '2', '--raw', '--subdir', 'DAGS_FOLDER/students_dag.py', '--cfg-path', '/tmp/tmpbjvy7_oo', '--error-file', '/tmp/tmp8djdcnao']
[2022-08-08 20:30:49,237] {standard_task_runner.py:80} INFO - Job 2: Subtask is_file_present
[2022-08-08 20:30:49,248] {warnings.py:110} WARNING - /home/***/.local/lib/python3.7/site-packages/***/configuration.py:470: DeprecationWarning: The sql_alchemy_conn option in [core] has been moved to the sql_alchemy_conn option in [database] - the old setting has been used, but please update your config.
  option = self._get_environment_variables(deprecated_key, deprecated_section, key, section)

[2022-08-08 20:30:49,282] {task_command.py:369} INFO - Running <TaskInstance: student_dag.is_file_present scheduled__2022-08-07T00:00:00+00:00 [running]> on host 27972d936a32
[2022-08-08 20:30:49,357] {taskinstance.py:1571} INFO - Exporting the following env vars:
AIRFLOW_CTX_DAG_OWNER=ankit
AIRFLOW_CTX_DAG_ID=student_dag
AIRFLOW_CTX_TASK_ID=is_file_present
AIRFLOW_CTX_EXECUTION_DATE=2022-08-07T00:00:00+00:00
AIRFLOW_CTX_TRY_NUMBER=1
AIRFLOW_CTX_DAG_RUN_ID=scheduled__2022-08-07T00:00:00+00:00
[2022-08-08 20:30:49,368] {base.py:68} INFO - Using connection ID 'student_file_conn' for task execution.
[2022-08-08 20:30:49,368] {filesystem.py:58} INFO - Poking for file /opt/***/datasets/Students_data.csv
[2022-08-08 20:30:49,372] {filesystem.py:63} INFO - Found File /opt/***/datasets/Students_data.csv last modified: 20220719222414
[2022-08-08 20:30:49,372] {base.py:301} INFO - Success criteria met. Exiting.
[2022-08-08 20:30:49,386] {taskinstance.py:1400} INFO - Marking task as SUCCESS. dag_id=student_dag, task_id=is_file_present, execution_date=20220807T000000, start_date=20220808T203049, end_date=20220808T203049
[2022-08-08 20:30:49,405] {local_task_job.py:156} INFO - Task exited with return code 0
[2022-08-08 20:30:49,468] {local_task_job.py:273} INFO - 1 downstream tasks scheduled from follow-on schedule check
