[2022-08-07 18:06:56,986] {taskinstance.py:1159} INFO - Dependencies all met for <TaskInstance: student_dag.is_file_present manual__2022-08-07T18:06:56.205478+00:00 [queued]>
[2022-08-07 18:06:56,999] {taskinstance.py:1159} INFO - Dependencies all met for <TaskInstance: student_dag.is_file_present manual__2022-08-07T18:06:56.205478+00:00 [queued]>
[2022-08-07 18:06:57,000] {taskinstance.py:1356} INFO - 
--------------------------------------------------------------------------------
[2022-08-07 18:06:57,000] {taskinstance.py:1357} INFO - Starting attempt 1 of 1
[2022-08-07 18:06:57,001] {taskinstance.py:1358} INFO - 
--------------------------------------------------------------------------------
[2022-08-07 18:06:57,015] {taskinstance.py:1377} INFO - Executing <Task(FileSensor): is_file_present> on 2022-08-07 18:06:56.205478+00:00
[2022-08-07 18:06:57,020] {standard_task_runner.py:52} INFO - Started process 8198 to run task
[2022-08-07 18:06:57,023] {standard_task_runner.py:79} INFO - Running: ['***', 'tasks', 'run', 'student_dag', 'is_file_present', 'manual__2022-08-07T18:06:56.205478+00:00', '--job-id', '19', '--raw', '--subdir', 'DAGS_FOLDER/students_dag.py', '--cfg-path', '/tmp/tmpnxsvgjrv', '--error-file', '/tmp/tmpfm5ju7ug']
[2022-08-07 18:06:57,024] {standard_task_runner.py:80} INFO - Job 19: Subtask is_file_present
[2022-08-07 18:06:57,072] {task_command.py:369} INFO - Running <TaskInstance: student_dag.is_file_present manual__2022-08-07T18:06:56.205478+00:00 [running]> on host 91b6e29a11f0
[2022-08-07 18:06:57,139] {taskinstance.py:1571} INFO - Exporting the following env vars:
AIRFLOW_CTX_DAG_OWNER=ankit
AIRFLOW_CTX_DAG_ID=student_dag
AIRFLOW_CTX_TASK_ID=is_file_present
AIRFLOW_CTX_EXECUTION_DATE=2022-08-07T18:06:56.205478+00:00
AIRFLOW_CTX_TRY_NUMBER=1
AIRFLOW_CTX_DAG_RUN_ID=manual__2022-08-07T18:06:56.205478+00:00
[2022-08-07 18:06:57,146] {base.py:68} INFO - Using connection ID 'student_file_conn' for task execution.
[2022-08-07 18:06:57,147] {filesystem.py:58} INFO - Poking for file /opt/***/datasets/Students_data.csv
[2022-08-07 18:06:57,149] {filesystem.py:63} INFO - Found File /opt/***/datasets/Students_data.csv last modified: 20220719222414
[2022-08-07 18:06:57,149] {base.py:301} INFO - Success criteria met. Exiting.
[2022-08-07 18:06:57,159] {taskinstance.py:1400} INFO - Marking task as SUCCESS. dag_id=student_dag, task_id=is_file_present, execution_date=20220807T180656, start_date=20220807T180656, end_date=20220807T180657
[2022-08-07 18:06:57,195] {local_task_job.py:156} INFO - Task exited with return code 0
[2022-08-07 18:06:57,239] {local_task_job.py:273} INFO - 1 downstream tasks scheduled from follow-on schedule check
