[2022-08-07 15:01:49,870] {taskinstance.py:1159} INFO - Dependencies all met for <TaskInstance: student_dag.is_file_present __airflow_temporary_run_2022-08-07T15:01:48.870989+00:00__ [queued]>
[2022-08-07 15:01:49,878] {taskinstance.py:1159} INFO - Dependencies all met for <TaskInstance: student_dag.is_file_present __airflow_temporary_run_2022-08-07T15:01:48.870989+00:00__ [queued]>
[2022-08-07 15:01:49,878] {taskinstance.py:1356} INFO - 
--------------------------------------------------------------------------------
[2022-08-07 15:01:49,878] {taskinstance.py:1357} INFO - Starting attempt 1 of 1
[2022-08-07 15:01:50,161] {taskinstance.py:1358} INFO - 
--------------------------------------------------------------------------------
[2022-08-07 15:01:50,176] {taskinstance.py:1377} INFO - Executing <Task(FileSensor): is_file_present> on 2022-08-01 00:00:00+00:00
[2022-08-07 15:01:50,180] {standard_task_runner.py:52} INFO - Started process 3781 to run task
[2022-08-07 15:01:50,182] {standard_task_runner.py:79} INFO - Running: ['***', 'tasks', 'run', 'student_dag', 'is_file_present', '__***_temporary_run_2022-08-07T15:01:48.870989+00:00__', '--job-id', '12', '--raw', '--subdir', 'DAGS_FOLDER/students_dag.py', '--cfg-path', '/tmp/tmppopf4rmk', '--error-file', '/tmp/tmppase544l']
[2022-08-07 15:01:50,183] {standard_task_runner.py:80} INFO - Job 12: Subtask is_file_present
[2022-08-07 15:01:50,196] {warnings.py:110} WARNING - /home/***/.local/lib/python3.7/site-packages/***/configuration.py:470: DeprecationWarning: The sql_alchemy_conn option in [core] has been moved to the sql_alchemy_conn option in [database] - the old setting has been used, but please update your config.
  option = self._get_environment_variables(deprecated_key, deprecated_section, key, section)

[2022-08-07 15:01:50,230] {task_command.py:369} INFO - Running <TaskInstance: student_dag.is_file_present __airflow_temporary_run_2022-08-07T15:01:48.870989+00:00__ [running]> on host 5cab04260180
[2022-08-07 15:01:50,302] {taskinstance.py:1571} INFO - Exporting the following env vars:
AIRFLOW_CTX_DAG_OWNER=ankit
AIRFLOW_CTX_DAG_ID=student_dag
AIRFLOW_CTX_TASK_ID=is_file_present
AIRFLOW_CTX_EXECUTION_DATE=2022-08-01T00:00:00+00:00
AIRFLOW_CTX_TRY_NUMBER=1
AIRFLOW_CTX_DAG_RUN_ID=__***_temporary_run_2022-08-07T15:01:48.870989+00:00__
[2022-08-07 15:01:50,312] {base.py:68} INFO - Using connection ID 'student_file_conn' for task execution.
[2022-08-07 15:01:50,313] {filesystem.py:58} INFO - Poking for file /opt/***/datasets/Students_data.csv
[2022-08-07 15:01:50,315] {filesystem.py:63} INFO - Found File /opt/***/datasets/Students_data.csv last modified: 20220719222414
[2022-08-07 15:01:50,315] {base.py:301} INFO - Success criteria met. Exiting.
[2022-08-07 15:01:50,326] {taskinstance.py:1400} INFO - Marking task as SUCCESS. dag_id=student_dag, task_id=is_file_present, execution_date=20220801T000000, start_date=20220807T150149, end_date=20220807T150150
[2022-08-07 15:01:50,355] {local_task_job.py:156} INFO - Task exited with return code 0
[2022-08-07 15:01:50,396] {local_task_job.py:273} INFO - 0 downstream tasks scheduled from follow-on schedule check
