[2022-08-08 20:44:18,586] {taskinstance.py:1159} INFO - Dependencies all met for <TaskInstance: student_dag.postgres_tasks.load_to_postgres manual__2022-08-08T20:43:27.760548+00:00 [queued]>
[2022-08-08 20:44:18,594] {taskinstance.py:1159} INFO - Dependencies all met for <TaskInstance: student_dag.postgres_tasks.load_to_postgres manual__2022-08-08T20:43:27.760548+00:00 [queued]>
[2022-08-08 20:44:18,595] {taskinstance.py:1356} INFO - 
--------------------------------------------------------------------------------
[2022-08-08 20:44:18,595] {taskinstance.py:1357} INFO - Starting attempt 1 of 1
[2022-08-08 20:44:18,595] {taskinstance.py:1358} INFO - 
--------------------------------------------------------------------------------
[2022-08-08 20:44:18,609] {taskinstance.py:1377} INFO - Executing <Task(customPostgresOperator): postgres_tasks.load_to_postgres> on 2022-08-08 20:43:27.760548+00:00
[2022-08-08 20:44:18,613] {standard_task_runner.py:52} INFO - Started process 786 to run task
[2022-08-08 20:44:18,615] {standard_task_runner.py:79} INFO - Running: ['***', 'tasks', 'run', 'student_dag', 'postgres_tasks.load_to_postgres', 'manual__2022-08-08T20:43:27.760548+00:00', '--job-id', '12', '--raw', '--subdir', 'DAGS_FOLDER/students_dag.py', '--cfg-path', '/tmp/tmpn6uc3rqu', '--error-file', '/tmp/tmpwevm0d_g']
[2022-08-08 20:44:18,616] {standard_task_runner.py:80} INFO - Job 12: Subtask postgres_tasks.load_to_postgres
[2022-08-08 20:44:18,663] {task_command.py:369} INFO - Running <TaskInstance: student_dag.postgres_tasks.load_to_postgres manual__2022-08-08T20:43:27.760548+00:00 [running]> on host 2e5d436b08ef
[2022-08-08 20:44:18,743] {taskinstance.py:1571} INFO - Exporting the following env vars:
AIRFLOW_CTX_DAG_OWNER=ankit
AIRFLOW_CTX_DAG_ID=student_dag
AIRFLOW_CTX_TASK_ID=postgres_tasks.load_to_postgres
AIRFLOW_CTX_EXECUTION_DATE=2022-08-08T20:43:27.760548+00:00
AIRFLOW_CTX_TRY_NUMBER=1
AIRFLOW_CTX_DAG_RUN_ID=manual__2022-08-08T20:43:27.760548+00:00
[2022-08-08 20:44:18,752] {base.py:68} INFO - Using connection ID 'postgres_conn' for task execution.
[2022-08-08 20:44:48,680] {taskinstance.py:1400} INFO - Marking task as SUCCESS. dag_id=student_dag, task_id=postgres_tasks.load_to_postgres, execution_date=20220808T204327, start_date=20220808T204418, end_date=20220808T204448
[2022-08-08 20:44:48,740] {local_task_job.py:156} INFO - Task exited with return code 0
[2022-08-08 20:44:48,827] {local_task_job.py:273} INFO - 1 downstream tasks scheduled from follow-on schedule check
