[2022-08-08 14:53:49,529] {taskinstance.py:1159} INFO - Dependencies all met for <TaskInstance: student_dag.choose_action scheduled__2022-08-07T00:00:00+00:00 [queued]>
[2022-08-08 14:53:49,546] {taskinstance.py:1159} INFO - Dependencies all met for <TaskInstance: student_dag.choose_action scheduled__2022-08-07T00:00:00+00:00 [queued]>
[2022-08-08 14:53:49,546] {taskinstance.py:1356} INFO - 
--------------------------------------------------------------------------------
[2022-08-08 14:53:49,546] {taskinstance.py:1357} INFO - Starting attempt 1 of 1
[2022-08-08 14:53:49,547] {taskinstance.py:1358} INFO - 
--------------------------------------------------------------------------------
[2022-08-08 14:53:49,569] {taskinstance.py:1377} INFO - Executing <Task(BranchPythonOperator): choose_action> on 2022-08-07 00:00:00+00:00
[2022-08-08 14:53:49,574] {standard_task_runner.py:52} INFO - Started process 89 to run task
[2022-08-08 14:53:49,577] {standard_task_runner.py:79} INFO - Running: ['***', 'tasks', 'run', 'student_dag', 'choose_action', 'scheduled__2022-08-07T00:00:00+00:00', '--job-id', '47', '--raw', '--subdir', 'DAGS_FOLDER/students_dag.py', '--cfg-path', '/tmp/tmp5nsg2j85', '--error-file', '/tmp/tmpdyjg3nhu']
[2022-08-08 14:53:49,577] {standard_task_runner.py:80} INFO - Job 47: Subtask choose_action
[2022-08-08 14:53:49,596] {warnings.py:110} WARNING - /home/***/.local/lib/python3.7/site-packages/***/configuration.py:470: DeprecationWarning: The sql_alchemy_conn option in [core] has been moved to the sql_alchemy_conn option in [database] - the old setting has been used, but please update your config.
  option = self._get_environment_variables(deprecated_key, deprecated_section, key, section)

[2022-08-08 14:53:49,637] {task_command.py:369} INFO - Running <TaskInstance: student_dag.choose_action scheduled__2022-08-07T00:00:00+00:00 [running]> on host 4b002c17c6af
[2022-08-08 14:53:49,722] {taskinstance.py:1571} INFO - Exporting the following env vars:
AIRFLOW_CTX_DAG_OWNER=ankit
AIRFLOW_CTX_DAG_ID=student_dag
AIRFLOW_CTX_TASK_ID=choose_action
AIRFLOW_CTX_EXECUTION_DATE=2022-08-07T00:00:00+00:00
AIRFLOW_CTX_TRY_NUMBER=1
AIRFLOW_CTX_DAG_RUN_ID=scheduled__2022-08-07T00:00:00+00:00
[2022-08-08 14:53:49,736] {python.py:173} INFO - Done. Returned value was: processing_data
[2022-08-08 14:53:49,736] {skipmixin.py:140} INFO - Following branch processing_data
[2022-08-08 14:53:49,737] {skipmixin.py:175} INFO - Skipping tasks ['table_not_found']
[2022-08-08 14:53:49,814] {taskinstance.py:1400} INFO - Marking task as SUCCESS. dag_id=student_dag, task_id=choose_action, execution_date=20220807T000000, start_date=20220808T145349, end_date=20220808T145349
[2022-08-08 14:53:49,869] {local_task_job.py:156} INFO - Task exited with return code 0
[2022-08-08 14:53:49,906] {local_task_job.py:273} INFO - 1 downstream tasks scheduled from follow-on schedule check
[2022-08-08 20:30:55,649] {taskinstance.py:1159} INFO - Dependencies all met for <TaskInstance: student_dag.choose_action scheduled__2022-08-07T00:00:00+00:00 [queued]>
[2022-08-08 20:30:55,668] {taskinstance.py:1159} INFO - Dependencies all met for <TaskInstance: student_dag.choose_action scheduled__2022-08-07T00:00:00+00:00 [queued]>
[2022-08-08 20:30:55,668] {taskinstance.py:1356} INFO - 
--------------------------------------------------------------------------------
[2022-08-08 20:30:55,669] {taskinstance.py:1357} INFO - Starting attempt 1 of 1
[2022-08-08 20:30:55,669] {taskinstance.py:1358} INFO - 
--------------------------------------------------------------------------------
[2022-08-08 20:30:55,685] {taskinstance.py:1377} INFO - Executing <Task(BranchPythonOperator): choose_action> on 2022-08-07 00:00:00+00:00
[2022-08-08 20:30:55,690] {standard_task_runner.py:52} INFO - Started process 299 to run task
[2022-08-08 20:30:55,693] {standard_task_runner.py:79} INFO - Running: ['***', 'tasks', 'run', 'student_dag', 'choose_action', 'scheduled__2022-08-07T00:00:00+00:00', '--job-id', '6', '--raw', '--subdir', 'DAGS_FOLDER/students_dag.py', '--cfg-path', '/tmp/tmpfvtut02n', '--error-file', '/tmp/tmpzb2v52li']
[2022-08-08 20:30:55,694] {standard_task_runner.py:80} INFO - Job 6: Subtask choose_action
[2022-08-08 20:30:55,707] {warnings.py:110} WARNING - /home/***/.local/lib/python3.7/site-packages/***/configuration.py:470: DeprecationWarning: The sql_alchemy_conn option in [core] has been moved to the sql_alchemy_conn option in [database] - the old setting has been used, but please update your config.
  option = self._get_environment_variables(deprecated_key, deprecated_section, key, section)

[2022-08-08 20:30:55,750] {task_command.py:369} INFO - Running <TaskInstance: student_dag.choose_action scheduled__2022-08-07T00:00:00+00:00 [running]> on host 2e5d436b08ef
[2022-08-08 20:30:55,819] {taskinstance.py:1571} INFO - Exporting the following env vars:
AIRFLOW_CTX_DAG_OWNER=ankit
AIRFLOW_CTX_DAG_ID=student_dag
AIRFLOW_CTX_TASK_ID=choose_action
AIRFLOW_CTX_EXECUTION_DATE=2022-08-07T00:00:00+00:00
AIRFLOW_CTX_TRY_NUMBER=1
AIRFLOW_CTX_DAG_RUN_ID=scheduled__2022-08-07T00:00:00+00:00
[2022-08-08 20:30:55,827] {python.py:173} INFO - Done. Returned value was: processing_data
[2022-08-08 20:30:55,828] {skipmixin.py:140} INFO - Following branch processing_data
[2022-08-08 20:30:55,828] {skipmixin.py:175} INFO - Skipping tasks ['table_not_found']
[2022-08-08 20:30:55,865] {taskinstance.py:1400} INFO - Marking task as SUCCESS. dag_id=student_dag, task_id=choose_action, execution_date=20220807T000000, start_date=20220808T203055, end_date=20220808T203055
[2022-08-08 20:30:55,905] {local_task_job.py:156} INFO - Task exited with return code 0
[2022-08-08 20:30:55,954] {local_task_job.py:273} INFO - 1 downstream tasks scheduled from follow-on schedule check
