[2022-08-07 14:30:26,110] {taskinstance.py:1159} INFO - Dependencies all met for <TaskInstance: student_dag.create_postgres_table manual__2022-08-07T14:30:23.245986+00:00 [queued]>
[2022-08-07 14:30:26,119] {taskinstance.py:1159} INFO - Dependencies all met for <TaskInstance: student_dag.create_postgres_table manual__2022-08-07T14:30:23.245986+00:00 [queued]>
[2022-08-07 14:30:26,120] {taskinstance.py:1356} INFO - 
--------------------------------------------------------------------------------
[2022-08-07 14:30:26,120] {taskinstance.py:1357} INFO - Starting attempt 1 of 1
[2022-08-07 14:30:26,120] {taskinstance.py:1358} INFO - 
--------------------------------------------------------------------------------
[2022-08-07 14:30:26,136] {taskinstance.py:1377} INFO - Executing <Task(PostgresOperator): create_postgres_table> on 2022-08-07 14:30:23.245986+00:00
[2022-08-07 14:30:26,141] {standard_task_runner.py:52} INFO - Started process 2286 to run task
[2022-08-07 14:30:26,144] {standard_task_runner.py:79} INFO - Running: ['***', 'tasks', 'run', 'student_dag', 'create_postgres_table', 'manual__2022-08-07T14:30:23.245986+00:00', '--job-id', '4', '--raw', '--subdir', 'DAGS_FOLDER/students_dag.py', '--cfg-path', '/tmp/tmpcfj_1jql', '--error-file', '/tmp/tmphsg6177g']
[2022-08-07 14:30:26,144] {standard_task_runner.py:80} INFO - Job 4: Subtask create_postgres_table
[2022-08-07 14:30:26,188] {task_command.py:369} INFO - Running <TaskInstance: student_dag.create_postgres_table manual__2022-08-07T14:30:23.245986+00:00 [running]> on host 5cab04260180
[2022-08-07 14:30:26,252] {taskinstance.py:1571} INFO - Exporting the following env vars:
AIRFLOW_CTX_DAG_OWNER=ankit
AIRFLOW_CTX_DAG_ID=student_dag
AIRFLOW_CTX_TASK_ID=create_postgres_table
AIRFLOW_CTX_EXECUTION_DATE=2022-08-07T14:30:23.245986+00:00
AIRFLOW_CTX_TRY_NUMBER=1
AIRFLOW_CTX_DAG_RUN_ID=manual__2022-08-07T14:30:23.245986+00:00
[2022-08-07 14:30:26,262] {base.py:68} INFO - Using connection ID 'postgres_conn' for task execution.
[2022-08-07 14:30:26,266] {dbapi.py:208} INFO - Running statement: Create table if not exists students(
    ID integer not null,
    class varchar(10) null,
    gender varchar(10) null,
    race integer null,
    GPA decimal(5,2) null,
    Algebra integer null,
    Calculus1 integer null,
    Calculus2 integer null,
    Statistics integer null,
    Probability integer null,
    Measure integer null,
    Functional_analysis integer null,
    from1 varchar(10) null,
    from2 varchar(10) null,
    from3 varchar(10) null,
    from4 integer null,
    y integer null
), parameters: None
[2022-08-07 14:30:26,284] {taskinstance.py:1400} INFO - Marking task as SUCCESS. dag_id=student_dag, task_id=create_postgres_table, execution_date=20220807T143023, start_date=20220807T143026, end_date=20220807T143026
[2022-08-07 14:30:26,316] {local_task_job.py:156} INFO - Task exited with return code 0
[2022-08-07 14:30:26,347] {local_task_job.py:273} INFO - 1 downstream tasks scheduled from follow-on schedule check
