[2022-08-07 18:08:15,861] {taskinstance.py:1159} INFO - Dependencies all met for <TaskInstance: student_dag.load_to_postgres manual__2022-08-07T18:08:11.360705+00:00 [queued]>
[2022-08-07 18:08:15,870] {taskinstance.py:1159} INFO - Dependencies all met for <TaskInstance: student_dag.load_to_postgres manual__2022-08-07T18:08:11.360705+00:00 [queued]>
[2022-08-07 18:08:15,871] {taskinstance.py:1356} INFO - 
--------------------------------------------------------------------------------
[2022-08-07 18:08:15,871] {taskinstance.py:1357} INFO - Starting attempt 1 of 1
[2022-08-07 18:08:15,872] {taskinstance.py:1358} INFO - 
--------------------------------------------------------------------------------
[2022-08-07 18:08:15,885] {taskinstance.py:1377} INFO - Executing <Task(customPostgresOperator): load_to_postgres> on 2022-08-07 18:08:11.360705+00:00
[2022-08-07 18:08:15,890] {standard_task_runner.py:52} INFO - Started process 7301 to run task
[2022-08-07 18:08:15,893] {standard_task_runner.py:79} INFO - Running: ['***', 'tasks', 'run', 'student_dag', 'load_to_postgres', 'manual__2022-08-07T18:08:11.360705+00:00', '--job-id', '25', '--raw', '--subdir', 'DAGS_FOLDER/students_dag.py', '--cfg-path', '/tmp/tmp9f0c_2nk', '--error-file', '/tmp/tmp4e_tzvx5']
[2022-08-07 18:08:15,893] {standard_task_runner.py:80} INFO - Job 25: Subtask load_to_postgres
[2022-08-07 18:08:15,944] {task_command.py:369} INFO - Running <TaskInstance: student_dag.load_to_postgres manual__2022-08-07T18:08:11.360705+00:00 [running]> on host 4b002c17c6af
[2022-08-07 18:08:16,010] {taskinstance.py:1571} INFO - Exporting the following env vars:
AIRFLOW_CTX_DAG_OWNER=ankit
AIRFLOW_CTX_DAG_ID=student_dag
AIRFLOW_CTX_TASK_ID=load_to_postgres
AIRFLOW_CTX_EXECUTION_DATE=2022-08-07T18:08:11.360705+00:00
AIRFLOW_CTX_TRY_NUMBER=1
AIRFLOW_CTX_DAG_RUN_ID=manual__2022-08-07T18:08:11.360705+00:00
[2022-08-07 18:08:16,019] {base.py:68} INFO - Using connection ID 'postgres_conn' for task execution.
[2022-08-07 18:08:16,064] {taskinstance.py:1400} INFO - Marking task as SUCCESS. dag_id=student_dag, task_id=load_to_postgres, execution_date=20220807T180811, start_date=20220807T180815, end_date=20220807T180816
[2022-08-07 18:08:16,105] {local_task_job.py:156} INFO - Task exited with return code 0
[2022-08-07 18:08:16,184] {local_task_job.py:273} INFO - 1 downstream tasks scheduled from follow-on schedule check
