[2022-08-07 14:27:30,523] {taskinstance.py:1159} INFO - Dependencies all met for <TaskInstance: student_dag.is_file_present scheduled__2022-08-06T00:00:00+00:00 [queued]>
[2022-08-07 14:27:30,531] {taskinstance.py:1159} INFO - Dependencies all met for <TaskInstance: student_dag.is_file_present scheduled__2022-08-06T00:00:00+00:00 [queued]>
[2022-08-07 14:27:30,532] {taskinstance.py:1356} INFO - 
--------------------------------------------------------------------------------
[2022-08-07 14:27:30,532] {taskinstance.py:1357} INFO - Starting attempt 1 of 1
[2022-08-07 14:27:30,532] {taskinstance.py:1358} INFO - 
--------------------------------------------------------------------------------
[2022-08-07 14:27:30,548] {taskinstance.py:1377} INFO - Executing <Task(FileSensor): is_file_present> on 2022-08-06 00:00:00+00:00
[2022-08-07 14:27:30,553] {standard_task_runner.py:52} INFO - Started process 2151 to run task
[2022-08-07 14:27:30,558] {standard_task_runner.py:79} INFO - Running: ['***', 'tasks', 'run', 'student_dag', 'is_file_present', 'scheduled__2022-08-06T00:00:00+00:00', '--job-id', '2', '--raw', '--subdir', 'DAGS_FOLDER/students_dag.py', '--cfg-path', '/tmp/tmprocstty4', '--error-file', '/tmp/tmpb4qb91xr']
[2022-08-07 14:27:30,559] {standard_task_runner.py:80} INFO - Job 2: Subtask is_file_present
[2022-08-07 14:27:30,574] {warnings.py:110} WARNING - /home/***/.local/lib/python3.7/site-packages/***/configuration.py:470: DeprecationWarning: The sql_alchemy_conn option in [core] has been moved to the sql_alchemy_conn option in [database] - the old setting has been used, but please update your config.
  option = self._get_environment_variables(deprecated_key, deprecated_section, key, section)

[2022-08-07 14:27:30,613] {task_command.py:369} INFO - Running <TaskInstance: student_dag.is_file_present scheduled__2022-08-06T00:00:00+00:00 [running]> on host 0f1cfad3f211
[2022-08-07 14:27:30,685] {taskinstance.py:1571} INFO - Exporting the following env vars:
AIRFLOW_CTX_DAG_OWNER=ankit
AIRFLOW_CTX_DAG_ID=student_dag
AIRFLOW_CTX_TASK_ID=is_file_present
AIRFLOW_CTX_EXECUTION_DATE=2022-08-06T00:00:00+00:00
AIRFLOW_CTX_TRY_NUMBER=1
AIRFLOW_CTX_DAG_RUN_ID=scheduled__2022-08-06T00:00:00+00:00
[2022-08-07 14:27:30,705] {taskinstance.py:1889} ERROR - Task failed with exception
Traceback (most recent call last):
  File "/home/airflow/.local/lib/python3.7/site-packages/airflow/sensors/base.py", line 277, in execute
    poke_return = self.poke(context)
  File "/home/airflow/.local/lib/python3.7/site-packages/airflow/sensors/filesystem.py", line 55, in poke
    hook = FSHook(self.fs_conn_id)
  File "/home/airflow/.local/lib/python3.7/site-packages/airflow/hooks/filesystem.py", line 38, in __init__
    conn = self.get_connection(conn_id)
  File "/home/airflow/.local/lib/python3.7/site-packages/airflow/hooks/base.py", line 67, in get_connection
    conn = Connection.get_connection_from_secrets(conn_id)
  File "/home/airflow/.local/lib/python3.7/site-packages/airflow/models/connection.py", line 430, in get_connection_from_secrets
    raise AirflowNotFoundException(f"The conn_id `{conn_id}` isn't defined")
airflow.exceptions.AirflowNotFoundException: The conn_id `student_file_conn` isn't defined
[2022-08-07 14:27:30,709] {taskinstance.py:1400} INFO - Marking task as FAILED. dag_id=student_dag, task_id=is_file_present, execution_date=20220806T000000, start_date=20220807T142730, end_date=20220807T142730
[2022-08-07 14:27:30,722] {standard_task_runner.py:97} ERROR - Failed to execute job 2 for task is_file_present (The conn_id `student_file_conn` isn't defined; 2151)
[2022-08-07 14:27:30,731] {local_task_job.py:156} INFO - Task exited with return code 1
[2022-08-07 14:27:30,773] {local_task_job.py:273} INFO - 0 downstream tasks scheduled from follow-on schedule check
[2022-08-07 15:45:48,099] {taskinstance.py:1159} INFO - Dependencies all met for <TaskInstance: student_dag.is_file_present scheduled__2022-08-06T00:00:00+00:00 [queued]>
[2022-08-07 15:45:48,117] {taskinstance.py:1159} INFO - Dependencies all met for <TaskInstance: student_dag.is_file_present scheduled__2022-08-06T00:00:00+00:00 [queued]>
[2022-08-07 15:45:48,117] {taskinstance.py:1356} INFO - 
--------------------------------------------------------------------------------
[2022-08-07 15:45:48,118] {taskinstance.py:1357} INFO - Starting attempt 1 of 1
[2022-08-07 15:45:48,118] {taskinstance.py:1358} INFO - 
--------------------------------------------------------------------------------
[2022-08-07 15:45:48,135] {taskinstance.py:1377} INFO - Executing <Task(FileSensor): is_file_present> on 2022-08-06 00:00:00+00:00
[2022-08-07 15:45:48,141] {standard_task_runner.py:52} INFO - Started process 1341 to run task
[2022-08-07 15:45:48,145] {standard_task_runner.py:79} INFO - Running: ['***', 'tasks', 'run', 'student_dag', 'is_file_present', 'scheduled__2022-08-06T00:00:00+00:00', '--job-id', '2', '--raw', '--subdir', 'DAGS_FOLDER/students_dag.py', '--cfg-path', '/tmp/tmpd9o5dkvj', '--error-file', '/tmp/tmpvclaovml']
[2022-08-07 15:45:48,146] {standard_task_runner.py:80} INFO - Job 2: Subtask is_file_present
[2022-08-07 15:45:48,165] {warnings.py:110} WARNING - /home/***/.local/lib/python3.7/site-packages/***/configuration.py:470: DeprecationWarning: The sql_alchemy_conn option in [core] has been moved to the sql_alchemy_conn option in [database] - the old setting has been used, but please update your config.
  option = self._get_environment_variables(deprecated_key, deprecated_section, key, section)

[2022-08-07 15:45:48,210] {task_command.py:369} INFO - Running <TaskInstance: student_dag.is_file_present scheduled__2022-08-06T00:00:00+00:00 [running]> on host 4b002c17c6af
[2022-08-07 15:45:48,294] {taskinstance.py:1571} INFO - Exporting the following env vars:
AIRFLOW_CTX_DAG_OWNER=ankit
AIRFLOW_CTX_DAG_ID=student_dag
AIRFLOW_CTX_TASK_ID=is_file_present
AIRFLOW_CTX_EXECUTION_DATE=2022-08-06T00:00:00+00:00
AIRFLOW_CTX_TRY_NUMBER=1
AIRFLOW_CTX_DAG_RUN_ID=scheduled__2022-08-06T00:00:00+00:00
[2022-08-07 15:45:48,305] {base.py:68} INFO - Using connection ID 'student_file_conn' for task execution.
[2022-08-07 15:45:48,306] {filesystem.py:58} INFO - Poking for file /opt/***/datasets/Students_data.csv
[2022-08-07 15:45:48,309] {filesystem.py:63} INFO - Found File /opt/***/datasets/Students_data.csv last modified: 20220719222414
[2022-08-07 15:45:48,310] {base.py:301} INFO - Success criteria met. Exiting.
[2022-08-07 15:45:48,322] {taskinstance.py:1400} INFO - Marking task as SUCCESS. dag_id=student_dag, task_id=is_file_present, execution_date=20220806T000000, start_date=20220807T154548, end_date=20220807T154548
[2022-08-07 15:45:48,358] {local_task_job.py:156} INFO - Task exited with return code 0
[2022-08-07 15:45:48,406] {local_task_job.py:273} INFO - 1 downstream tasks scheduled from follow-on schedule check
