[2022-08-07 15:50:30,238] {taskinstance.py:1159} INFO - Dependencies all met for <TaskInstance: student_dag.load_to_postgres manual__2022-08-07T15:50:26.591364+00:00 [queued]>
[2022-08-07 15:50:30,248] {taskinstance.py:1159} INFO - Dependencies all met for <TaskInstance: student_dag.load_to_postgres manual__2022-08-07T15:50:26.591364+00:00 [queued]>
[2022-08-07 15:50:30,248] {taskinstance.py:1356} INFO - 
--------------------------------------------------------------------------------
[2022-08-07 15:50:30,249] {taskinstance.py:1357} INFO - Starting attempt 1 of 1
[2022-08-07 15:50:30,249] {taskinstance.py:1358} INFO - 
--------------------------------------------------------------------------------
[2022-08-07 15:50:30,264] {taskinstance.py:1377} INFO - Executing <Task(customPostgresOperator): load_to_postgres> on 2022-08-07 15:50:26.591364+00:00
[2022-08-07 15:50:30,268] {standard_task_runner.py:52} INFO - Started process 1552 to run task
[2022-08-07 15:50:30,271] {standard_task_runner.py:79} INFO - Running: ['***', 'tasks', 'run', 'student_dag', 'load_to_postgres', 'manual__2022-08-07T15:50:26.591364+00:00', '--job-id', '10', '--raw', '--subdir', 'DAGS_FOLDER/students_dag.py', '--cfg-path', '/tmp/tmp67m7n7x7', '--error-file', '/tmp/tmp4p83_0gt']
[2022-08-07 15:50:30,272] {standard_task_runner.py:80} INFO - Job 10: Subtask load_to_postgres
[2022-08-07 15:50:30,325] {task_command.py:369} INFO - Running <TaskInstance: student_dag.load_to_postgres manual__2022-08-07T15:50:26.591364+00:00 [running]> on host 4b002c17c6af
[2022-08-07 15:50:30,395] {taskinstance.py:1571} INFO - Exporting the following env vars:
AIRFLOW_CTX_DAG_OWNER=ankit
AIRFLOW_CTX_DAG_ID=student_dag
AIRFLOW_CTX_TASK_ID=load_to_postgres
AIRFLOW_CTX_EXECUTION_DATE=2022-08-07T15:50:26.591364+00:00
AIRFLOW_CTX_TRY_NUMBER=1
AIRFLOW_CTX_DAG_RUN_ID=manual__2022-08-07T15:50:26.591364+00:00
[2022-08-07 15:50:30,404] {base.py:68} INFO - Using connection ID 'postgres_conn' for task execution.
[2022-08-07 15:50:30,445] {taskinstance.py:1400} INFO - Marking task as SUCCESS. dag_id=student_dag, task_id=load_to_postgres, execution_date=20220807T155026, start_date=20220807T155030, end_date=20220807T155030
[2022-08-07 15:50:30,484] {local_task_job.py:156} INFO - Task exited with return code 0
[2022-08-07 15:50:30,516] {local_task_job.py:273} INFO - 0 downstream tasks scheduled from follow-on schedule check
