[2022-08-07 18:08:16,982] {taskinstance.py:1159} INFO - Dependencies all met for <TaskInstance: student_dag.is_table_loaded manual__2022-08-07T18:08:11.360705+00:00 [queued]>
[2022-08-07 18:08:16,990] {taskinstance.py:1159} INFO - Dependencies all met for <TaskInstance: student_dag.is_table_loaded manual__2022-08-07T18:08:11.360705+00:00 [queued]>
[2022-08-07 18:08:16,990] {taskinstance.py:1356} INFO - 
--------------------------------------------------------------------------------
[2022-08-07 18:08:16,990] {taskinstance.py:1357} INFO - Starting attempt 1 of 1
[2022-08-07 18:08:16,991] {taskinstance.py:1358} INFO - 
--------------------------------------------------------------------------------
[2022-08-07 18:08:17,005] {taskinstance.py:1377} INFO - Executing <Task(customPostgresSensor): is_table_loaded> on 2022-08-07 18:08:11.360705+00:00
[2022-08-07 18:08:17,010] {standard_task_runner.py:52} INFO - Started process 8279 to run task
[2022-08-07 18:08:17,012] {standard_task_runner.py:79} INFO - Running: ['***', 'tasks', 'run', 'student_dag', 'is_table_loaded', 'manual__2022-08-07T18:08:11.360705+00:00', '--job-id', '26', '--raw', '--subdir', 'DAGS_FOLDER/students_dag.py', '--cfg-path', '/tmp/tmpfyw0fd8n', '--error-file', '/tmp/tmpn495enhj']
[2022-08-07 18:08:17,013] {standard_task_runner.py:80} INFO - Job 26: Subtask is_table_loaded
[2022-08-07 18:08:17,060] {task_command.py:369} INFO - Running <TaskInstance: student_dag.is_table_loaded manual__2022-08-07T18:08:11.360705+00:00 [running]> on host 91b6e29a11f0
[2022-08-07 18:08:17,121] {taskinstance.py:1571} INFO - Exporting the following env vars:
AIRFLOW_CTX_DAG_OWNER=ankit
AIRFLOW_CTX_DAG_ID=student_dag
AIRFLOW_CTX_TASK_ID=is_table_loaded
AIRFLOW_CTX_EXECUTION_DATE=2022-08-07T18:08:11.360705+00:00
AIRFLOW_CTX_TRY_NUMBER=1
AIRFLOW_CTX_DAG_RUN_ID=manual__2022-08-07T18:08:11.360705+00:00
[2022-08-07 18:08:17,129] {base.py:68} INFO - Using connection ID 'postgres_conn' for task execution.
[2022-08-07 18:08:17,132] {base.py:301} INFO - Success criteria met. Exiting.
[2022-08-07 18:08:17,142] {taskinstance.py:1400} INFO - Marking task as SUCCESS. dag_id=student_dag, task_id=is_table_loaded, execution_date=20220807T180811, start_date=20220807T180816, end_date=20220807T180817
[2022-08-07 18:08:17,185] {local_task_job.py:156} INFO - Task exited with return code 0
[2022-08-07 18:08:17,212] {local_task_job.py:273} INFO - 0 downstream tasks scheduled from follow-on schedule check
