[2022-08-07 18:34:20,619] {taskinstance.py:1159} INFO - Dependencies all met for <TaskInstance: student_dag.postgres_tasks.is_table_loaded manual__2022-08-07T18:34:14.454569+00:00 [queued]>
[2022-08-07 18:34:20,627] {taskinstance.py:1159} INFO - Dependencies all met for <TaskInstance: student_dag.postgres_tasks.is_table_loaded manual__2022-08-07T18:34:14.454569+00:00 [queued]>
[2022-08-07 18:34:20,627] {taskinstance.py:1356} INFO - 
--------------------------------------------------------------------------------
[2022-08-07 18:34:20,627] {taskinstance.py:1357} INFO - Starting attempt 1 of 1
[2022-08-07 18:34:20,628] {taskinstance.py:1358} INFO - 
--------------------------------------------------------------------------------
[2022-08-07 18:34:20,642] {taskinstance.py:1377} INFO - Executing <Task(customPostgresSensor): postgres_tasks.is_table_loaded> on 2022-08-07 18:34:14.454569+00:00
[2022-08-07 18:34:20,646] {standard_task_runner.py:52} INFO - Started process 9516 to run task
[2022-08-07 18:34:20,649] {standard_task_runner.py:79} INFO - Running: ['***', 'tasks', 'run', 'student_dag', 'postgres_tasks.is_table_loaded', 'manual__2022-08-07T18:34:14.454569+00:00', '--job-id', '30', '--raw', '--subdir', 'DAGS_FOLDER/students_dag.py', '--cfg-path', '/tmp/tmpm9lgexe8', '--error-file', '/tmp/tmp5hmn8tuu']
[2022-08-07 18:34:20,650] {standard_task_runner.py:80} INFO - Job 30: Subtask postgres_tasks.is_table_loaded
[2022-08-07 18:34:20,699] {task_command.py:369} INFO - Running <TaskInstance: student_dag.postgres_tasks.is_table_loaded manual__2022-08-07T18:34:14.454569+00:00 [running]> on host 91b6e29a11f0
[2022-08-07 18:34:20,761] {taskinstance.py:1571} INFO - Exporting the following env vars:
AIRFLOW_CTX_DAG_OWNER=ankit
AIRFLOW_CTX_DAG_ID=student_dag
AIRFLOW_CTX_TASK_ID=postgres_tasks.is_table_loaded
AIRFLOW_CTX_EXECUTION_DATE=2022-08-07T18:34:14.454569+00:00
AIRFLOW_CTX_TRY_NUMBER=1
AIRFLOW_CTX_DAG_RUN_ID=manual__2022-08-07T18:34:14.454569+00:00
[2022-08-07 18:34:20,769] {base.py:68} INFO - Using connection ID 'postgres_conn' for task execution.
[2022-08-07 18:34:20,785] {base.py:301} INFO - Success criteria met. Exiting.
[2022-08-07 18:34:20,797] {taskinstance.py:1400} INFO - Marking task as SUCCESS. dag_id=student_dag, task_id=postgres_tasks.is_table_loaded, execution_date=20220807T183414, start_date=20220807T183420, end_date=20220807T183420
[2022-08-07 18:34:20,822] {local_task_job.py:156} INFO - Task exited with return code 0
[2022-08-07 18:34:20,866] {local_task_job.py:273} INFO - 1 downstream tasks scheduled from follow-on schedule check
