[2022-08-07 18:36:23,350] {taskinstance.py:1159} INFO - Dependencies all met for <TaskInstance: student_dag.postgres_tasks.load_to_postgres manual__2022-08-07T18:36:20.426473+00:00 [queued]>
[2022-08-07 18:36:23,360] {taskinstance.py:1159} INFO - Dependencies all met for <TaskInstance: student_dag.postgres_tasks.load_to_postgres manual__2022-08-07T18:36:20.426473+00:00 [queued]>
[2022-08-07 18:36:23,361] {taskinstance.py:1356} INFO - 
--------------------------------------------------------------------------------
[2022-08-07 18:36:23,361] {taskinstance.py:1357} INFO - Starting attempt 1 of 1
[2022-08-07 18:36:23,361] {taskinstance.py:1358} INFO - 
--------------------------------------------------------------------------------
[2022-08-07 18:36:23,380] {taskinstance.py:1377} INFO - Executing <Task(customPostgresOperator): postgres_tasks.load_to_postgres> on 2022-08-07 18:36:20.426473+00:00
[2022-08-07 18:36:23,386] {standard_task_runner.py:52} INFO - Started process 8479 to run task
[2022-08-07 18:36:23,390] {standard_task_runner.py:79} INFO - Running: ['***', 'tasks', 'run', 'student_dag', 'postgres_tasks.load_to_postgres', 'manual__2022-08-07T18:36:20.426473+00:00', '--job-id', '34', '--raw', '--subdir', 'DAGS_FOLDER/students_dag.py', '--cfg-path', '/tmp/tmp5gt6sr8m', '--error-file', '/tmp/tmpj1z7518s']
[2022-08-07 18:36:23,391] {standard_task_runner.py:80} INFO - Job 34: Subtask postgres_tasks.load_to_postgres
[2022-08-07 18:36:23,468] {task_command.py:369} INFO - Running <TaskInstance: student_dag.postgres_tasks.load_to_postgres manual__2022-08-07T18:36:20.426473+00:00 [running]> on host 4b002c17c6af
[2022-08-07 18:36:23,566] {taskinstance.py:1571} INFO - Exporting the following env vars:
AIRFLOW_CTX_DAG_OWNER=ankit
AIRFLOW_CTX_DAG_ID=student_dag
AIRFLOW_CTX_TASK_ID=postgres_tasks.load_to_postgres
AIRFLOW_CTX_EXECUTION_DATE=2022-08-07T18:36:20.426473+00:00
AIRFLOW_CTX_TRY_NUMBER=1
AIRFLOW_CTX_DAG_RUN_ID=manual__2022-08-07T18:36:20.426473+00:00
[2022-08-07 18:36:23,583] {base.py:68} INFO - Using connection ID 'postgres_conn' for task execution.
[2022-08-07 18:36:23,639] {taskinstance.py:1400} INFO - Marking task as SUCCESS. dag_id=student_dag, task_id=postgres_tasks.load_to_postgres, execution_date=20220807T183620, start_date=20220807T183623, end_date=20220807T183623
[2022-08-07 18:36:23,684] {local_task_job.py:156} INFO - Task exited with return code 0
[2022-08-07 18:36:23,735] {local_task_job.py:273} INFO - 1 downstream tasks scheduled from follow-on schedule check
