[2022-08-08 14:53:40,347] {taskinstance.py:1159} INFO - Dependencies all met for <TaskInstance: student_dag.postgres_tasks.create_postgres_table scheduled__2022-08-07T00:00:00+00:00 [queued]>
[2022-08-08 14:53:40,357] {taskinstance.py:1159} INFO - Dependencies all met for <TaskInstance: student_dag.postgres_tasks.create_postgres_table scheduled__2022-08-07T00:00:00+00:00 [queued]>
[2022-08-08 14:53:40,357] {taskinstance.py:1356} INFO - 
--------------------------------------------------------------------------------
[2022-08-08 14:53:40,357] {taskinstance.py:1357} INFO - Starting attempt 1 of 1
[2022-08-08 14:53:40,358] {taskinstance.py:1358} INFO - 
--------------------------------------------------------------------------------
[2022-08-08 14:53:40,373] {taskinstance.py:1377} INFO - Executing <Task(PostgresOperator): postgres_tasks.create_postgres_table> on 2022-08-07 00:00:00+00:00
[2022-08-08 14:53:40,426] {standard_task_runner.py:52} INFO - Started process 75 to run task
[2022-08-08 14:53:40,477] {standard_task_runner.py:79} INFO - Running: ['***', 'tasks', 'run', 'student_dag', 'postgres_tasks.create_postgres_table', 'scheduled__2022-08-07T00:00:00+00:00', '--job-id', '44', '--raw', '--subdir', 'DAGS_FOLDER/students_dag.py', '--cfg-path', '/tmp/tmp3a00pls5', '--error-file', '/tmp/tmpowwcp82b']
[2022-08-08 14:53:40,525] {standard_task_runner.py:80} INFO - Job 44: Subtask postgres_tasks.create_postgres_table
[2022-08-08 14:53:40,679] {warnings.py:110} WARNING - /home/***/.local/lib/python3.7/site-packages/***/configuration.py:470: DeprecationWarning: The sql_alchemy_conn option in [core] has been moved to the sql_alchemy_conn option in [database] - the old setting has been used, but please update your config.
  option = self._get_environment_variables(deprecated_key, deprecated_section, key, section)

[2022-08-08 14:53:41,120] {task_command.py:369} INFO - Running <TaskInstance: student_dag.postgres_tasks.create_postgres_table scheduled__2022-08-07T00:00:00+00:00 [running]> on host 4b002c17c6af
[2022-08-08 14:53:41,479] {taskinstance.py:1571} INFO - Exporting the following env vars:
AIRFLOW_CTX_DAG_OWNER=ankit
AIRFLOW_CTX_DAG_ID=student_dag
AIRFLOW_CTX_TASK_ID=postgres_tasks.create_postgres_table
AIRFLOW_CTX_EXECUTION_DATE=2022-08-07T00:00:00+00:00
AIRFLOW_CTX_TRY_NUMBER=1
AIRFLOW_CTX_DAG_RUN_ID=scheduled__2022-08-07T00:00:00+00:00
[2022-08-08 14:53:41,530] {base.py:68} INFO - Using connection ID 'postgres_conn' for task execution.
[2022-08-08 14:53:41,580] {dbapi.py:208} INFO - Running statement: Create table if not exists students(
    ID integer not null,
    class varchar(10) null,
    gender varchar(10) null,
    race integer null,
    GPA decimal(5,2) null,
    Algebra integer null,
    Calculus1 integer null,
    Calculus2 integer null,
    Statistics integer null,
    Probability integer null,
    Measure integer null,
    Functional_analysis integer null,
    from1 varchar(10) null,
    from2 varchar(10) null,
    from3 varchar(10) null,
    from4 integer null,
    y integer null
), parameters: None
[2022-08-08 14:53:41,582] {postgres.py:94} INFO - NOTICE:  relation "students" already exists, skipping

[2022-08-08 14:53:41,634] {taskinstance.py:1400} INFO - Marking task as SUCCESS. dag_id=student_dag, task_id=postgres_tasks.create_postgres_table, execution_date=20220807T000000, start_date=20220808T145340, end_date=20220808T145341
[2022-08-08 14:53:41,781] {local_task_job.py:156} INFO - Task exited with return code 0
[2022-08-08 14:53:41,869] {local_task_job.py:273} INFO - 1 downstream tasks scheduled from follow-on schedule check
[2022-08-08 20:30:51,469] {taskinstance.py:1159} INFO - Dependencies all met for <TaskInstance: student_dag.postgres_tasks.create_postgres_table scheduled__2022-08-07T00:00:00+00:00 [queued]>
[2022-08-08 20:30:51,479] {taskinstance.py:1159} INFO - Dependencies all met for <TaskInstance: student_dag.postgres_tasks.create_postgres_table scheduled__2022-08-07T00:00:00+00:00 [queued]>
[2022-08-08 20:30:51,479] {taskinstance.py:1356} INFO - 
--------------------------------------------------------------------------------
[2022-08-08 20:30:51,479] {taskinstance.py:1357} INFO - Starting attempt 1 of 1
[2022-08-08 20:30:51,479] {taskinstance.py:1358} INFO - 
--------------------------------------------------------------------------------
[2022-08-08 20:30:51,493] {taskinstance.py:1377} INFO - Executing <Task(PostgresOperator): postgres_tasks.create_postgres_table> on 2022-08-07 00:00:00+00:00
[2022-08-08 20:30:51,497] {standard_task_runner.py:52} INFO - Started process 313 to run task
[2022-08-08 20:30:51,500] {standard_task_runner.py:79} INFO - Running: ['***', 'tasks', 'run', 'student_dag', 'postgres_tasks.create_postgres_table', 'scheduled__2022-08-07T00:00:00+00:00', '--job-id', '3', '--raw', '--subdir', 'DAGS_FOLDER/students_dag.py', '--cfg-path', '/tmp/tmpe0v2bmxs', '--error-file', '/tmp/tmprnkqoq8m']
[2022-08-08 20:30:51,501] {standard_task_runner.py:80} INFO - Job 3: Subtask postgres_tasks.create_postgres_table
[2022-08-08 20:30:51,515] {warnings.py:110} WARNING - /home/***/.local/lib/python3.7/site-packages/***/configuration.py:470: DeprecationWarning: The sql_alchemy_conn option in [core] has been moved to the sql_alchemy_conn option in [database] - the old setting has been used, but please update your config.
  option = self._get_environment_variables(deprecated_key, deprecated_section, key, section)

[2022-08-08 20:30:51,563] {task_command.py:369} INFO - Running <TaskInstance: student_dag.postgres_tasks.create_postgres_table scheduled__2022-08-07T00:00:00+00:00 [running]> on host 67df3b1ed5c8
[2022-08-08 20:30:51,640] {taskinstance.py:1571} INFO - Exporting the following env vars:
AIRFLOW_CTX_DAG_OWNER=ankit
AIRFLOW_CTX_DAG_ID=student_dag
AIRFLOW_CTX_TASK_ID=postgres_tasks.create_postgres_table
AIRFLOW_CTX_EXECUTION_DATE=2022-08-07T00:00:00+00:00
AIRFLOW_CTX_TRY_NUMBER=1
AIRFLOW_CTX_DAG_RUN_ID=scheduled__2022-08-07T00:00:00+00:00
[2022-08-08 20:30:51,651] {base.py:68} INFO - Using connection ID 'postgres_conn' for task execution.
[2022-08-08 20:30:51,654] {dbapi.py:208} INFO - Running statement: Create table if not exists students(
    ID integer not null,
    class varchar(10) null,
    gender varchar(10) null,
    race integer null,
    GPA decimal(5,2) null,
    Algebra integer null,
    Calculus1 integer null,
    Calculus2 integer null,
    Statistics integer null,
    Probability integer null,
    Measure integer null,
    Functional_analysis integer null,
    from1 varchar(10) null,
    from2 varchar(10) null,
    from3 varchar(10) null,
    from4 integer null,
    y integer null
), parameters: None
[2022-08-08 20:30:51,667] {taskinstance.py:1400} INFO - Marking task as SUCCESS. dag_id=student_dag, task_id=postgres_tasks.create_postgres_table, execution_date=20220807T000000, start_date=20220808T203051, end_date=20220808T203051
[2022-08-08 20:30:51,712] {local_task_job.py:156} INFO - Task exited with return code 0
[2022-08-08 20:30:51,751] {local_task_job.py:273} INFO - 1 downstream tasks scheduled from follow-on schedule check
