[2022-08-07 15:45:51,522] {taskinstance.py:1159} INFO - Dependencies all met for <TaskInstance: student_dag.load_to_postgres manual__2022-08-07T15:45:44.844726+00:00 [queued]>
[2022-08-07 15:45:51,533] {taskinstance.py:1159} INFO - Dependencies all met for <TaskInstance: student_dag.load_to_postgres manual__2022-08-07T15:45:44.844726+00:00 [queued]>
[2022-08-07 15:45:51,533] {taskinstance.py:1356} INFO - 
--------------------------------------------------------------------------------
[2022-08-07 15:45:51,534] {taskinstance.py:1357} INFO - Starting attempt 1 of 1
[2022-08-07 15:45:51,534] {taskinstance.py:1358} INFO - 
--------------------------------------------------------------------------------
[2022-08-07 15:45:51,550] {taskinstance.py:1377} INFO - Executing <Task(customPostgresOperator): load_to_postgres> on 2022-08-07 15:45:44.844726+00:00
[2022-08-07 15:45:51,554] {standard_task_runner.py:52} INFO - Started process 1355 to run task
[2022-08-07 15:45:51,557] {standard_task_runner.py:79} INFO - Running: ['***', 'tasks', 'run', 'student_dag', 'load_to_postgres', 'manual__2022-08-07T15:45:44.844726+00:00', '--job-id', '7', '--raw', '--subdir', 'DAGS_FOLDER/students_dag.py', '--cfg-path', '/tmp/tmpw0jc69_8', '--error-file', '/tmp/tmpqwgmvnfc']
[2022-08-07 15:45:51,558] {standard_task_runner.py:80} INFO - Job 7: Subtask load_to_postgres
[2022-08-07 15:45:51,619] {task_command.py:369} INFO - Running <TaskInstance: student_dag.load_to_postgres manual__2022-08-07T15:45:44.844726+00:00 [running]> on host 4b002c17c6af
[2022-08-07 15:45:51,685] {taskinstance.py:1571} INFO - Exporting the following env vars:
AIRFLOW_CTX_DAG_OWNER=ankit
AIRFLOW_CTX_DAG_ID=student_dag
AIRFLOW_CTX_TASK_ID=load_to_postgres
AIRFLOW_CTX_EXECUTION_DATE=2022-08-07T15:45:44.844726+00:00
AIRFLOW_CTX_TRY_NUMBER=1
AIRFLOW_CTX_DAG_RUN_ID=manual__2022-08-07T15:45:44.844726+00:00
[2022-08-07 15:45:51,694] {base.py:68} INFO - Using connection ID 'postgres_conn' for task execution.
[2022-08-07 15:45:51,731] {taskinstance.py:1400} INFO - Marking task as SUCCESS. dag_id=student_dag, task_id=load_to_postgres, execution_date=20220807T154544, start_date=20220807T154551, end_date=20220807T154551
[2022-08-07 15:45:51,769] {local_task_job.py:156} INFO - Task exited with return code 0
[2022-08-07 15:45:51,795] {local_task_job.py:273} INFO - 0 downstream tasks scheduled from follow-on schedule check
