[2022-08-08 20:47:56,196] {taskinstance.py:1159} INFO - Dependencies all met for <TaskInstance: student_dag.postgres_tasks.load_to_postgres manual__2022-08-08T20:46:51.921258+00:00 [queued]>
[2022-08-08 20:47:56,222] {taskinstance.py:1159} INFO - Dependencies all met for <TaskInstance: student_dag.postgres_tasks.load_to_postgres manual__2022-08-08T20:46:51.921258+00:00 [queued]>
[2022-08-08 20:47:56,223] {taskinstance.py:1356} INFO - 
--------------------------------------------------------------------------------
[2022-08-08 20:47:56,223] {taskinstance.py:1357} INFO - Starting attempt 1 of 1
[2022-08-08 20:47:56,223] {taskinstance.py:1358} INFO - 
--------------------------------------------------------------------------------
[2022-08-08 20:48:02,602] {taskinstance.py:1377} INFO - Executing <Task(customPostgresOperator): postgres_tasks.load_to_postgres> on 2022-08-08 20:46:51.921258+00:00
[2022-08-08 20:48:02,608] {standard_task_runner.py:52} INFO - Started process 873 to run task
[2022-08-08 20:48:02,613] {standard_task_runner.py:79} INFO - Running: ['***', 'tasks', 'run', 'student_dag', 'postgres_tasks.load_to_postgres', 'manual__2022-08-08T20:46:51.921258+00:00', '--job-id', '21', '--raw', '--subdir', 'DAGS_FOLDER/students_dag.py', '--cfg-path', '/tmp/tmp7tztcv8a', '--error-file', '/tmp/tmp4dnwbz23']
[2022-08-08 20:48:02,614] {standard_task_runner.py:80} INFO - Job 21: Subtask postgres_tasks.load_to_postgres
[2022-08-08 20:48:02,816] {task_command.py:369} INFO - Running <TaskInstance: student_dag.postgres_tasks.load_to_postgres manual__2022-08-08T20:46:51.921258+00:00 [running]> on host 2e5d436b08ef
[2022-08-08 20:48:02,944] {taskinstance.py:1571} INFO - Exporting the following env vars:
AIRFLOW_CTX_DAG_OWNER=ankit
AIRFLOW_CTX_DAG_ID=student_dag
AIRFLOW_CTX_TASK_ID=postgres_tasks.load_to_postgres
AIRFLOW_CTX_EXECUTION_DATE=2022-08-08T20:46:51.921258+00:00
AIRFLOW_CTX_TRY_NUMBER=1
AIRFLOW_CTX_DAG_RUN_ID=manual__2022-08-08T20:46:51.921258+00:00
[2022-08-08 20:48:02,953] {base.py:68} INFO - Using connection ID 'postgres_conn' for task execution.
[2022-08-08 20:48:03,005] {taskinstance.py:1400} INFO - Marking task as SUCCESS. dag_id=student_dag, task_id=postgres_tasks.load_to_postgres, execution_date=20220808T204651, start_date=20220808T204756, end_date=20220808T204803
[2022-08-08 20:48:03,026] {local_task_job.py:156} INFO - Task exited with return code 0
[2022-08-08 20:48:03,071] {local_task_job.py:273} INFO - 1 downstream tasks scheduled from follow-on schedule check
