[2022-08-07 18:34:16,408] {taskinstance.py:1159} INFO - Dependencies all met for <TaskInstance: student_dag.is_file_present manual__2022-08-07T18:34:14.454569+00:00 [queued]>
[2022-08-07 18:34:16,418] {taskinstance.py:1159} INFO - Dependencies all met for <TaskInstance: student_dag.is_file_present manual__2022-08-07T18:34:14.454569+00:00 [queued]>
[2022-08-07 18:34:16,419] {taskinstance.py:1356} INFO - 
--------------------------------------------------------------------------------
[2022-08-07 18:34:16,419] {taskinstance.py:1357} INFO - Starting attempt 1 of 1
[2022-08-07 18:34:16,419] {taskinstance.py:1358} INFO - 
--------------------------------------------------------------------------------
[2022-08-07 18:34:16,435] {taskinstance.py:1377} INFO - Executing <Task(FileSensor): is_file_present> on 2022-08-07 18:34:14.454569+00:00
[2022-08-07 18:34:16,439] {standard_task_runner.py:52} INFO - Started process 9490 to run task
[2022-08-07 18:34:16,442] {standard_task_runner.py:79} INFO - Running: ['***', 'tasks', 'run', 'student_dag', 'is_file_present', 'manual__2022-08-07T18:34:14.454569+00:00', '--job-id', '27', '--raw', '--subdir', 'DAGS_FOLDER/students_dag.py', '--cfg-path', '/tmp/tmpv_jgu9p_', '--error-file', '/tmp/tmpgih4tnhp']
[2022-08-07 18:34:16,443] {standard_task_runner.py:80} INFO - Job 27: Subtask is_file_present
[2022-08-07 18:34:16,500] {task_command.py:369} INFO - Running <TaskInstance: student_dag.is_file_present manual__2022-08-07T18:34:14.454569+00:00 [running]> on host c057bdbe1645
[2022-08-07 18:34:16,605] {taskinstance.py:1571} INFO - Exporting the following env vars:
AIRFLOW_CTX_DAG_OWNER=ankit
AIRFLOW_CTX_DAG_ID=student_dag
AIRFLOW_CTX_TASK_ID=is_file_present
AIRFLOW_CTX_EXECUTION_DATE=2022-08-07T18:34:14.454569+00:00
AIRFLOW_CTX_TRY_NUMBER=1
AIRFLOW_CTX_DAG_RUN_ID=manual__2022-08-07T18:34:14.454569+00:00
[2022-08-07 18:34:16,630] {base.py:68} INFO - Using connection ID 'student_file_conn' for task execution.
[2022-08-07 18:34:16,631] {filesystem.py:58} INFO - Poking for file /opt/***/datasets/Students_data.csv
[2022-08-07 18:34:16,634] {filesystem.py:63} INFO - Found File /opt/***/datasets/Students_data.csv last modified: 20220719222414
[2022-08-07 18:34:16,634] {base.py:301} INFO - Success criteria met. Exiting.
[2022-08-07 18:34:16,659] {taskinstance.py:1400} INFO - Marking task as SUCCESS. dag_id=student_dag, task_id=is_file_present, execution_date=20220807T183414, start_date=20220807T183416, end_date=20220807T183416
[2022-08-07 18:34:16,696] {local_task_job.py:156} INFO - Task exited with return code 0
[2022-08-07 18:34:16,750] {local_task_job.py:273} INFO - 1 downstream tasks scheduled from follow-on schedule check
