[2022-08-07 18:37:10,695] {taskinstance.py:1159} INFO - Dependencies all met for <TaskInstance: student_dag.is_file_present manual__2022-08-07T18:37:09.660754+00:00 [queued]>
[2022-08-07 18:37:10,704] {taskinstance.py:1159} INFO - Dependencies all met for <TaskInstance: student_dag.is_file_present manual__2022-08-07T18:37:09.660754+00:00 [queued]>
[2022-08-07 18:37:10,704] {taskinstance.py:1356} INFO - 
--------------------------------------------------------------------------------
[2022-08-07 18:37:10,704] {taskinstance.py:1357} INFO - Starting attempt 1 of 1
[2022-08-07 18:37:10,704] {taskinstance.py:1358} INFO - 
--------------------------------------------------------------------------------
[2022-08-07 18:37:10,719] {taskinstance.py:1377} INFO - Executing <Task(FileSensor): is_file_present> on 2022-08-07 18:37:09.660754+00:00
[2022-08-07 18:37:10,724] {standard_task_runner.py:52} INFO - Started process 9663 to run task
[2022-08-07 18:37:10,727] {standard_task_runner.py:79} INFO - Running: ['***', 'tasks', 'run', 'student_dag', 'is_file_present', 'manual__2022-08-07T18:37:09.660754+00:00', '--job-id', '37', '--raw', '--subdir', 'DAGS_FOLDER/students_dag.py', '--cfg-path', '/tmp/tmpbttto2n9', '--error-file', '/tmp/tmpdi0t7a3x']
[2022-08-07 18:37:10,728] {standard_task_runner.py:80} INFO - Job 37: Subtask is_file_present
[2022-08-07 18:37:10,780] {task_command.py:369} INFO - Running <TaskInstance: student_dag.is_file_present manual__2022-08-07T18:37:09.660754+00:00 [running]> on host 91b6e29a11f0
[2022-08-07 18:37:10,847] {taskinstance.py:1571} INFO - Exporting the following env vars:
AIRFLOW_CTX_DAG_OWNER=ankit
AIRFLOW_CTX_DAG_ID=student_dag
AIRFLOW_CTX_TASK_ID=is_file_present
AIRFLOW_CTX_EXECUTION_DATE=2022-08-07T18:37:09.660754+00:00
AIRFLOW_CTX_TRY_NUMBER=1
AIRFLOW_CTX_DAG_RUN_ID=manual__2022-08-07T18:37:09.660754+00:00
[2022-08-07 18:37:10,854] {base.py:68} INFO - Using connection ID 'student_file_conn' for task execution.
[2022-08-07 18:37:10,855] {filesystem.py:58} INFO - Poking for file /opt/***/datasets/Students_data.csv
[2022-08-07 18:37:10,857] {filesystem.py:63} INFO - Found File /opt/***/datasets/Students_data.csv last modified: 20220719222414
[2022-08-07 18:37:10,857] {base.py:301} INFO - Success criteria met. Exiting.
[2022-08-07 18:37:10,866] {taskinstance.py:1400} INFO - Marking task as SUCCESS. dag_id=student_dag, task_id=is_file_present, execution_date=20220807T183709, start_date=20220807T183710, end_date=20220807T183710
[2022-08-07 18:37:10,900] {local_task_job.py:156} INFO - Task exited with return code 0
[2022-08-07 18:37:10,943] {local_task_job.py:273} INFO - 1 downstream tasks scheduled from follow-on schedule check
