[2022-08-07 15:01:51,099] {taskinstance.py:1159} INFO - Dependencies all met for <TaskInstance: student_dag.create_postgres_table __airflow_temporary_run_2022-08-07T15:01:48.870989+00:00__ [queued]>
[2022-08-07 15:01:51,110] {taskinstance.py:1159} INFO - Dependencies all met for <TaskInstance: student_dag.create_postgres_table __airflow_temporary_run_2022-08-07T15:01:48.870989+00:00__ [queued]>
[2022-08-07 15:01:51,111] {taskinstance.py:1356} INFO - 
--------------------------------------------------------------------------------
[2022-08-07 15:01:51,111] {taskinstance.py:1357} INFO - Starting attempt 1 of 1
[2022-08-07 15:01:51,112] {taskinstance.py:1358} INFO - 
--------------------------------------------------------------------------------
[2022-08-07 15:01:51,126] {taskinstance.py:1377} INFO - Executing <Task(PostgresOperator): create_postgres_table> on 2022-08-01 00:00:00+00:00
[2022-08-07 15:01:51,131] {standard_task_runner.py:52} INFO - Started process 3784 to run task
[2022-08-07 15:01:51,134] {standard_task_runner.py:79} INFO - Running: ['***', 'tasks', 'run', 'student_dag', 'create_postgres_table', '__***_temporary_run_2022-08-07T15:01:48.870989+00:00__', '--job-id', '13', '--raw', '--subdir', 'DAGS_FOLDER/students_dag.py', '--cfg-path', '/tmp/tmpk9bim6vs', '--error-file', '/tmp/tmptzgke0ga']
[2022-08-07 15:01:51,135] {standard_task_runner.py:80} INFO - Job 13: Subtask create_postgres_table
[2022-08-07 15:01:51,147] {warnings.py:110} WARNING - /home/***/.local/lib/python3.7/site-packages/***/configuration.py:470: DeprecationWarning: The sql_alchemy_conn option in [core] has been moved to the sql_alchemy_conn option in [database] - the old setting has been used, but please update your config.
  option = self._get_environment_variables(deprecated_key, deprecated_section, key, section)

[2022-08-07 15:01:51,181] {task_command.py:369} INFO - Running <TaskInstance: student_dag.create_postgres_table __airflow_temporary_run_2022-08-07T15:01:48.870989+00:00__ [running]> on host 5cab04260180
[2022-08-07 15:01:51,253] {taskinstance.py:1571} INFO - Exporting the following env vars:
AIRFLOW_CTX_DAG_OWNER=ankit
AIRFLOW_CTX_DAG_ID=student_dag
AIRFLOW_CTX_TASK_ID=create_postgres_table
AIRFLOW_CTX_EXECUTION_DATE=2022-08-01T00:00:00+00:00
AIRFLOW_CTX_TRY_NUMBER=1
AIRFLOW_CTX_DAG_RUN_ID=__***_temporary_run_2022-08-07T15:01:48.870989+00:00__
[2022-08-07 15:01:51,263] {base.py:68} INFO - Using connection ID 'postgres_conn' for task execution.
[2022-08-07 15:01:51,266] {dbapi.py:208} INFO - Running statement: Create table if not exists students(
    ID integer not null,
    class varchar(10) null,
    gender varchar(10) null,
    race integer null,
    GPA decimal(5,2) null,
    Algebra integer null,
    Calculus1 integer null,
    Calculus2 integer null,
    Statistics integer null,
    Probability integer null,
    Measure integer null,
    Functional_analysis integer null,
    from1 varchar(10) null,
    from2 varchar(10) null,
    from3 varchar(10) null,
    from4 integer null,
    y integer null
), parameters: None
[2022-08-07 15:01:51,267] {postgres.py:94} INFO - NOTICE:  relation "students" already exists, skipping

[2022-08-07 15:01:51,280] {taskinstance.py:1400} INFO - Marking task as SUCCESS. dag_id=student_dag, task_id=create_postgres_table, execution_date=20220801T000000, start_date=20220807T150151, end_date=20220807T150151
[2022-08-07 15:01:51,307] {local_task_job.py:156} INFO - Task exited with return code 0
[2022-08-07 15:01:51,341] {local_task_job.py:273} INFO - 1 downstream tasks scheduled from follow-on schedule check
