[2022-08-07 17:55:06,643] {taskinstance.py:1159} INFO - Dependencies all met for <TaskInstance: student_dag.load_to_postgres manual__2022-08-07T17:55:01.823223+00:00 [queued]>
[2022-08-07 17:55:06,652] {taskinstance.py:1159} INFO - Dependencies all met for <TaskInstance: student_dag.load_to_postgres manual__2022-08-07T17:55:01.823223+00:00 [queued]>
[2022-08-07 17:55:06,652] {taskinstance.py:1356} INFO - 
--------------------------------------------------------------------------------
[2022-08-07 17:55:06,652] {taskinstance.py:1357} INFO - Starting attempt 1 of 1
[2022-08-07 17:55:06,653] {taskinstance.py:1358} INFO - 
--------------------------------------------------------------------------------
[2022-08-07 17:55:06,729] {taskinstance.py:1377} INFO - Executing <Task(customPostgresOperator): load_to_postgres> on 2022-08-07 17:55:01.823223+00:00
[2022-08-07 17:55:06,735] {standard_task_runner.py:52} INFO - Started process 7639 to run task
[2022-08-07 17:55:06,738] {standard_task_runner.py:79} INFO - Running: ['***', 'tasks', 'run', 'student_dag', 'load_to_postgres', 'manual__2022-08-07T17:55:01.823223+00:00', '--job-id', '13', '--raw', '--subdir', 'DAGS_FOLDER/students_dag.py', '--cfg-path', '/tmp/tmpb35fzmak', '--error-file', '/tmp/tmpx6xjia7_']
[2022-08-07 17:55:06,739] {standard_task_runner.py:80} INFO - Job 13: Subtask load_to_postgres
[2022-08-07 17:55:06,792] {task_command.py:369} INFO - Running <TaskInstance: student_dag.load_to_postgres manual__2022-08-07T17:55:01.823223+00:00 [running]> on host c057bdbe1645
[2022-08-07 17:55:06,886] {taskinstance.py:1571} INFO - Exporting the following env vars:
AIRFLOW_CTX_DAG_OWNER=ankit
AIRFLOW_CTX_DAG_ID=student_dag
AIRFLOW_CTX_TASK_ID=load_to_postgres
AIRFLOW_CTX_EXECUTION_DATE=2022-08-07T17:55:01.823223+00:00
AIRFLOW_CTX_TRY_NUMBER=1
AIRFLOW_CTX_DAG_RUN_ID=manual__2022-08-07T17:55:01.823223+00:00
[2022-08-07 17:55:06,894] {base.py:68} INFO - Using connection ID 'postgres_conn' for task execution.
[2022-08-07 17:55:06,940] {taskinstance.py:1400} INFO - Marking task as SUCCESS. dag_id=student_dag, task_id=load_to_postgres, execution_date=20220807T175501, start_date=20220807T175506, end_date=20220807T175506
[2022-08-07 17:55:06,992] {local_task_job.py:156} INFO - Task exited with return code 0
[2022-08-07 17:55:07,043] {local_task_job.py:273} INFO - 1 downstream tasks scheduled from follow-on schedule check
