[2022-08-07 15:45:50,380] {taskinstance.py:1159} INFO - Dependencies all met for <TaskInstance: student_dag.load_to_postgres scheduled__2022-08-06T00:00:00+00:00 [queued]>
[2022-08-07 15:45:50,388] {taskinstance.py:1159} INFO - Dependencies all met for <TaskInstance: student_dag.load_to_postgres scheduled__2022-08-06T00:00:00+00:00 [queued]>
[2022-08-07 15:45:50,389] {taskinstance.py:1356} INFO - 
--------------------------------------------------------------------------------
[2022-08-07 15:45:50,389] {taskinstance.py:1357} INFO - Starting attempt 1 of 1
[2022-08-07 15:45:50,389] {taskinstance.py:1358} INFO - 
--------------------------------------------------------------------------------
[2022-08-07 15:45:50,406] {taskinstance.py:1377} INFO - Executing <Task(customPostgresOperator): load_to_postgres> on 2022-08-06 00:00:00+00:00
[2022-08-07 15:45:50,410] {standard_task_runner.py:52} INFO - Started process 1344 to run task
[2022-08-07 15:45:50,414] {standard_task_runner.py:79} INFO - Running: ['***', 'tasks', 'run', 'student_dag', 'load_to_postgres', 'scheduled__2022-08-06T00:00:00+00:00', '--job-id', '5', '--raw', '--subdir', 'DAGS_FOLDER/students_dag.py', '--cfg-path', '/tmp/tmp0_2nnmfo', '--error-file', '/tmp/tmp7vay8uru']
[2022-08-07 15:45:50,415] {standard_task_runner.py:80} INFO - Job 5: Subtask load_to_postgres
[2022-08-07 15:45:50,428] {warnings.py:110} WARNING - /home/***/.local/lib/python3.7/site-packages/***/configuration.py:470: DeprecationWarning: The sql_alchemy_conn option in [core] has been moved to the sql_alchemy_conn option in [database] - the old setting has been used, but please update your config.
  option = self._get_environment_variables(deprecated_key, deprecated_section, key, section)

[2022-08-07 15:45:50,466] {task_command.py:369} INFO - Running <TaskInstance: student_dag.load_to_postgres scheduled__2022-08-06T00:00:00+00:00 [running]> on host 4b002c17c6af
[2022-08-07 15:45:50,541] {taskinstance.py:1571} INFO - Exporting the following env vars:
AIRFLOW_CTX_DAG_OWNER=ankit
AIRFLOW_CTX_DAG_ID=student_dag
AIRFLOW_CTX_TASK_ID=load_to_postgres
AIRFLOW_CTX_EXECUTION_DATE=2022-08-06T00:00:00+00:00
AIRFLOW_CTX_TRY_NUMBER=1
AIRFLOW_CTX_DAG_RUN_ID=scheduled__2022-08-06T00:00:00+00:00
[2022-08-07 15:45:50,550] {base.py:68} INFO - Using connection ID 'postgres_conn' for task execution.
[2022-08-07 15:45:50,597] {taskinstance.py:1400} INFO - Marking task as SUCCESS. dag_id=student_dag, task_id=load_to_postgres, execution_date=20220806T000000, start_date=20220807T154550, end_date=20220807T154550
[2022-08-07 15:45:50,626] {local_task_job.py:156} INFO - Task exited with return code 0
[2022-08-07 15:45:50,654] {local_task_job.py:273} INFO - 0 downstream tasks scheduled from follow-on schedule check
