[2022-08-08 20:44:51,677] {taskinstance.py:1159} INFO - Dependencies all met for <TaskInstance: student_dag.choose_action manual__2022-08-08T20:43:27.760540+00:00 [queued]>
[2022-08-08 20:44:51,691] {taskinstance.py:1159} INFO - Dependencies all met for <TaskInstance: student_dag.choose_action manual__2022-08-08T20:43:27.760540+00:00 [queued]>
[2022-08-08 20:44:51,691] {taskinstance.py:1356} INFO - 
--------------------------------------------------------------------------------
[2022-08-08 20:44:51,691] {taskinstance.py:1357} INFO - Starting attempt 1 of 1
[2022-08-08 20:44:51,692] {taskinstance.py:1358} INFO - 
--------------------------------------------------------------------------------
[2022-08-08 20:44:51,712] {taskinstance.py:1377} INFO - Executing <Task(BranchPythonOperator): choose_action> on 2022-08-08 20:43:27.760540+00:00
[2022-08-08 20:44:51,719] {standard_task_runner.py:52} INFO - Started process 799 to run task
[2022-08-08 20:44:51,723] {standard_task_runner.py:79} INFO - Running: ['***', 'tasks', 'run', 'student_dag', 'choose_action', 'manual__2022-08-08T20:43:27.760540+00:00', '--job-id', '16', '--raw', '--subdir', 'DAGS_FOLDER/students_dag.py', '--cfg-path', '/tmp/tmpl90c33vf', '--error-file', '/tmp/tmperf9ds14']
[2022-08-08 20:44:51,724] {standard_task_runner.py:80} INFO - Job 16: Subtask choose_action
[2022-08-08 20:44:51,800] {task_command.py:369} INFO - Running <TaskInstance: student_dag.choose_action manual__2022-08-08T20:43:27.760540+00:00 [running]> on host 2e5d436b08ef
[2022-08-08 20:44:51,891] {taskinstance.py:1571} INFO - Exporting the following env vars:
AIRFLOW_CTX_DAG_OWNER=ankit
AIRFLOW_CTX_DAG_ID=student_dag
AIRFLOW_CTX_TASK_ID=choose_action
AIRFLOW_CTX_EXECUTION_DATE=2022-08-08T20:43:27.760540+00:00
AIRFLOW_CTX_TRY_NUMBER=1
AIRFLOW_CTX_DAG_RUN_ID=manual__2022-08-08T20:43:27.760540+00:00
[2022-08-08 20:44:51,903] {python.py:173} INFO - Done. Returned value was: processing_data
[2022-08-08 20:44:51,903] {skipmixin.py:140} INFO - Following branch processing_data
[2022-08-08 20:44:51,904] {skipmixin.py:175} INFO - Skipping tasks ['table_not_found']
[2022-08-08 20:44:51,956] {taskinstance.py:1400} INFO - Marking task as SUCCESS. dag_id=student_dag, task_id=choose_action, execution_date=20220808T204327, start_date=20220808T204451, end_date=20220808T204451
[2022-08-08 20:44:51,976] {local_task_job.py:156} INFO - Task exited with return code 0
[2022-08-08 20:44:52,011] {local_task_job.py:273} INFO - 1 downstream tasks scheduled from follow-on schedule check
