[2022-08-07 18:36:25,601] {taskinstance.py:1159} INFO - Dependencies all met for <TaskInstance: student_dag.choose_action manual__2022-08-07T18:36:20.426473+00:00 [queued]>
[2022-08-07 18:36:25,613] {taskinstance.py:1159} INFO - Dependencies all met for <TaskInstance: student_dag.choose_action manual__2022-08-07T18:36:20.426473+00:00 [queued]>
[2022-08-07 18:36:25,613] {taskinstance.py:1356} INFO - 
--------------------------------------------------------------------------------
[2022-08-07 18:36:25,613] {taskinstance.py:1357} INFO - Starting attempt 1 of 1
[2022-08-07 18:36:25,614] {taskinstance.py:1358} INFO - 
--------------------------------------------------------------------------------
[2022-08-07 18:36:25,633] {taskinstance.py:1377} INFO - Executing <Task(BranchPythonOperator): choose_action> on 2022-08-07 18:36:20.426473+00:00
[2022-08-07 18:36:25,637] {standard_task_runner.py:52} INFO - Started process 8485 to run task
[2022-08-07 18:36:25,640] {standard_task_runner.py:79} INFO - Running: ['***', 'tasks', 'run', 'student_dag', 'choose_action', 'manual__2022-08-07T18:36:20.426473+00:00', '--job-id', '36', '--raw', '--subdir', 'DAGS_FOLDER/students_dag.py', '--cfg-path', '/tmp/tmptixet41z', '--error-file', '/tmp/tmpi0pju6o_']
[2022-08-07 18:36:25,641] {standard_task_runner.py:80} INFO - Job 36: Subtask choose_action
[2022-08-07 18:36:25,698] {task_command.py:369} INFO - Running <TaskInstance: student_dag.choose_action manual__2022-08-07T18:36:20.426473+00:00 [running]> on host 4b002c17c6af
[2022-08-07 18:36:25,776] {taskinstance.py:1571} INFO - Exporting the following env vars:
AIRFLOW_CTX_DAG_OWNER=ankit
AIRFLOW_CTX_DAG_ID=student_dag
AIRFLOW_CTX_TASK_ID=choose_action
AIRFLOW_CTX_EXECUTION_DATE=2022-08-07T18:36:20.426473+00:00
AIRFLOW_CTX_TRY_NUMBER=1
AIRFLOW_CTX_DAG_RUN_ID=manual__2022-08-07T18:36:20.426473+00:00
[2022-08-07 18:36:25,784] {python.py:173} INFO - Done. Returned value was: table_not_found
[2022-08-07 18:36:25,785] {skipmixin.py:140} INFO - Following branch table_not_found
[2022-08-07 18:36:25,786] {skipmixin.py:175} INFO - Skipping tasks ['processing_data']
[2022-08-07 18:36:25,830] {taskinstance.py:1400} INFO - Marking task as SUCCESS. dag_id=student_dag, task_id=choose_action, execution_date=20220807T183620, start_date=20220807T183625, end_date=20220807T183625
[2022-08-07 18:36:25,853] {local_task_job.py:156} INFO - Task exited with return code 0
[2022-08-07 18:36:25,886] {local_task_job.py:273} INFO - 1 downstream tasks scheduled from follow-on schedule check
