[2022-08-08 14:53:47,811] {taskinstance.py:1159} INFO - Dependencies all met for <TaskInstance: student_dag.postgres_tasks.is_table_loaded scheduled__2022-08-07T00:00:00+00:00 [queued]>
[2022-08-08 14:53:47,820] {taskinstance.py:1159} INFO - Dependencies all met for <TaskInstance: student_dag.postgres_tasks.is_table_loaded scheduled__2022-08-07T00:00:00+00:00 [queued]>
[2022-08-08 14:53:47,820] {taskinstance.py:1356} INFO - 
--------------------------------------------------------------------------------
[2022-08-08 14:53:47,821] {taskinstance.py:1357} INFO - Starting attempt 1 of 1
[2022-08-08 14:53:47,821] {taskinstance.py:1358} INFO - 
--------------------------------------------------------------------------------
[2022-08-08 14:53:47,836] {taskinstance.py:1377} INFO - Executing <Task(customPostgresSensor): postgres_tasks.is_table_loaded> on 2022-08-07 00:00:00+00:00
[2022-08-08 14:53:47,840] {standard_task_runner.py:52} INFO - Started process 79 to run task
[2022-08-08 14:53:47,844] {standard_task_runner.py:79} INFO - Running: ['***', 'tasks', 'run', 'student_dag', 'postgres_tasks.is_table_loaded', 'scheduled__2022-08-07T00:00:00+00:00', '--job-id', '46', '--raw', '--subdir', 'DAGS_FOLDER/students_dag.py', '--cfg-path', '/tmp/tmpyuq8bfhh', '--error-file', '/tmp/tmpfc3i0azf']
[2022-08-08 14:53:47,845] {standard_task_runner.py:80} INFO - Job 46: Subtask postgres_tasks.is_table_loaded
[2022-08-08 14:53:47,861] {warnings.py:110} WARNING - /home/***/.local/lib/python3.7/site-packages/***/configuration.py:470: DeprecationWarning: The sql_alchemy_conn option in [core] has been moved to the sql_alchemy_conn option in [database] - the old setting has been used, but please update your config.
  option = self._get_environment_variables(deprecated_key, deprecated_section, key, section)

[2022-08-08 14:53:47,906] {task_command.py:369} INFO - Running <TaskInstance: student_dag.postgres_tasks.is_table_loaded scheduled__2022-08-07T00:00:00+00:00 [running]> on host c057bdbe1645
[2022-08-08 14:53:48,000] {taskinstance.py:1571} INFO - Exporting the following env vars:
AIRFLOW_CTX_DAG_OWNER=ankit
AIRFLOW_CTX_DAG_ID=student_dag
AIRFLOW_CTX_TASK_ID=postgres_tasks.is_table_loaded
AIRFLOW_CTX_EXECUTION_DATE=2022-08-07T00:00:00+00:00
AIRFLOW_CTX_TRY_NUMBER=1
AIRFLOW_CTX_DAG_RUN_ID=scheduled__2022-08-07T00:00:00+00:00
[2022-08-08 14:53:48,011] {base.py:68} INFO - Using connection ID 'postgres_conn' for task execution.
[2022-08-08 14:53:48,046] {base.py:301} INFO - Success criteria met. Exiting.
[2022-08-08 14:53:48,058] {taskinstance.py:1400} INFO - Marking task as SUCCESS. dag_id=student_dag, task_id=postgres_tasks.is_table_loaded, execution_date=20220807T000000, start_date=20220808T145347, end_date=20220808T145348
[2022-08-08 14:53:48,097] {local_task_job.py:156} INFO - Task exited with return code 0
[2022-08-08 14:53:48,150] {local_task_job.py:273} INFO - 1 downstream tasks scheduled from follow-on schedule check
[2022-08-08 20:30:54,502] {taskinstance.py:1159} INFO - Dependencies all met for <TaskInstance: student_dag.postgres_tasks.is_table_loaded scheduled__2022-08-07T00:00:00+00:00 [queued]>
[2022-08-08 20:30:54,625] {taskinstance.py:1159} INFO - Dependencies all met for <TaskInstance: student_dag.postgres_tasks.is_table_loaded scheduled__2022-08-07T00:00:00+00:00 [queued]>
[2022-08-08 20:30:54,625] {taskinstance.py:1356} INFO - 
--------------------------------------------------------------------------------
[2022-08-08 20:30:54,625] {taskinstance.py:1357} INFO - Starting attempt 1 of 1
[2022-08-08 20:30:54,626] {taskinstance.py:1358} INFO - 
--------------------------------------------------------------------------------
[2022-08-08 20:30:54,637] {taskinstance.py:1377} INFO - Executing <Task(customPostgresSensor): postgres_tasks.is_table_loaded> on 2022-08-07 00:00:00+00:00
[2022-08-08 20:30:54,640] {standard_task_runner.py:52} INFO - Started process 317 to run task
[2022-08-08 20:30:54,643] {standard_task_runner.py:79} INFO - Running: ['***', 'tasks', 'run', 'student_dag', 'postgres_tasks.is_table_loaded', 'scheduled__2022-08-07T00:00:00+00:00', '--job-id', '5', '--raw', '--subdir', 'DAGS_FOLDER/students_dag.py', '--cfg-path', '/tmp/tmp61adhe1k', '--error-file', '/tmp/tmpps_ny4sb']
[2022-08-08 20:30:54,645] {standard_task_runner.py:80} INFO - Job 5: Subtask postgres_tasks.is_table_loaded
[2022-08-08 20:30:54,656] {warnings.py:110} WARNING - /home/***/.local/lib/python3.7/site-packages/***/configuration.py:470: DeprecationWarning: The sql_alchemy_conn option in [core] has been moved to the sql_alchemy_conn option in [database] - the old setting has been used, but please update your config.
  option = self._get_environment_variables(deprecated_key, deprecated_section, key, section)

[2022-08-08 20:30:54,690] {task_command.py:369} INFO - Running <TaskInstance: student_dag.postgres_tasks.is_table_loaded scheduled__2022-08-07T00:00:00+00:00 [running]> on host 27972d936a32
[2022-08-08 20:30:54,744] {taskinstance.py:1571} INFO - Exporting the following env vars:
AIRFLOW_CTX_DAG_OWNER=ankit
AIRFLOW_CTX_DAG_ID=student_dag
AIRFLOW_CTX_TASK_ID=postgres_tasks.is_table_loaded
AIRFLOW_CTX_EXECUTION_DATE=2022-08-07T00:00:00+00:00
AIRFLOW_CTX_TRY_NUMBER=1
AIRFLOW_CTX_DAG_RUN_ID=scheduled__2022-08-07T00:00:00+00:00
[2022-08-08 20:30:54,753] {base.py:68} INFO - Using connection ID 'postgres_conn' for task execution.
[2022-08-08 20:30:54,767] {base.py:301} INFO - Success criteria met. Exiting.
[2022-08-08 20:30:54,777] {taskinstance.py:1400} INFO - Marking task as SUCCESS. dag_id=student_dag, task_id=postgres_tasks.is_table_loaded, execution_date=20220807T000000, start_date=20220808T203054, end_date=20220808T203054
[2022-08-08 20:30:54,815] {local_task_job.py:156} INFO - Task exited with return code 0
[2022-08-08 20:30:54,865] {local_task_job.py:273} INFO - 1 downstream tasks scheduled from follow-on schedule check
