[2022-08-07 18:34:21,704] {taskinstance.py:1159} INFO - Dependencies all met for <TaskInstance: student_dag.choose_action manual__2022-08-07T18:34:14.454569+00:00 [queued]>
[2022-08-07 18:34:21,716] {taskinstance.py:1159} INFO - Dependencies all met for <TaskInstance: student_dag.choose_action manual__2022-08-07T18:34:14.454569+00:00 [queued]>
[2022-08-07 18:34:21,716] {taskinstance.py:1356} INFO - 
--------------------------------------------------------------------------------
[2022-08-07 18:34:21,717] {taskinstance.py:1357} INFO - Starting attempt 1 of 1
[2022-08-07 18:34:21,717] {taskinstance.py:1358} INFO - 
--------------------------------------------------------------------------------
[2022-08-07 18:34:21,733] {taskinstance.py:1377} INFO - Executing <Task(BranchPythonOperator): choose_action> on 2022-08-07 18:34:14.454569+00:00
[2022-08-07 18:34:21,738] {standard_task_runner.py:52} INFO - Started process 9519 to run task
[2022-08-07 18:34:21,742] {standard_task_runner.py:79} INFO - Running: ['***', 'tasks', 'run', 'student_dag', 'choose_action', 'manual__2022-08-07T18:34:14.454569+00:00', '--job-id', '31', '--raw', '--subdir', 'DAGS_FOLDER/students_dag.py', '--cfg-path', '/tmp/tmpf2e8upvf', '--error-file', '/tmp/tmpb8p4lf3d']
[2022-08-07 18:34:21,743] {standard_task_runner.py:80} INFO - Job 31: Subtask choose_action
[2022-08-07 18:34:21,810] {task_command.py:369} INFO - Running <TaskInstance: student_dag.choose_action manual__2022-08-07T18:34:14.454569+00:00 [running]> on host 91b6e29a11f0
[2022-08-07 18:34:21,882] {taskinstance.py:1571} INFO - Exporting the following env vars:
AIRFLOW_CTX_DAG_OWNER=ankit
AIRFLOW_CTX_DAG_ID=student_dag
AIRFLOW_CTX_TASK_ID=choose_action
AIRFLOW_CTX_EXECUTION_DATE=2022-08-07T18:34:14.454569+00:00
AIRFLOW_CTX_TRY_NUMBER=1
AIRFLOW_CTX_DAG_RUN_ID=manual__2022-08-07T18:34:14.454569+00:00
[2022-08-07 18:34:21,889] {python.py:173} INFO - Done. Returned value was: table_not_found
[2022-08-07 18:34:21,890] {skipmixin.py:140} INFO - Following branch table_not_found
[2022-08-07 18:34:21,890] {skipmixin.py:175} INFO - Skipping tasks ['processing_data']
[2022-08-07 18:34:21,927] {taskinstance.py:1400} INFO - Marking task as SUCCESS. dag_id=student_dag, task_id=choose_action, execution_date=20220807T183414, start_date=20220807T183421, end_date=20220807T183421
[2022-08-07 18:34:21,954] {local_task_job.py:156} INFO - Task exited with return code 0
[2022-08-07 18:34:21,990] {local_task_job.py:273} INFO - 1 downstream tasks scheduled from follow-on schedule check
