[2022-08-08 20:43:50,255] {taskinstance.py:1159} INFO - Dependencies all met for <TaskInstance: student_dag.is_file_present manual__2022-08-08T20:43:27.760540+00:00 [queued]>
[2022-08-08 20:43:50,593] {taskinstance.py:1159} INFO - Dependencies all met for <TaskInstance: student_dag.is_file_present manual__2022-08-08T20:43:27.760540+00:00 [queued]>
[2022-08-08 20:43:56,839] {taskinstance.py:1356} INFO - 
--------------------------------------------------------------------------------
[2022-08-08 20:43:56,840] {taskinstance.py:1357} INFO - Starting attempt 1 of 1
[2022-08-08 20:43:56,840] {taskinstance.py:1358} INFO - 
--------------------------------------------------------------------------------
[2022-08-08 20:44:03,033] {taskinstance.py:1377} INFO - Executing <Task(FileSensor): is_file_present> on 2022-08-08 20:43:27.760540+00:00
[2022-08-08 20:44:03,068] {standard_task_runner.py:52} INFO - Started process 854 to run task
[2022-08-08 20:44:03,076] {standard_task_runner.py:79} INFO - Running: ['***', 'tasks', 'run', 'student_dag', 'is_file_present', 'manual__2022-08-08T20:43:27.760540+00:00', '--job-id', '7', '--raw', '--subdir', 'DAGS_FOLDER/students_dag.py', '--cfg-path', '/tmp/tmp8fag678u', '--error-file', '/tmp/tmpjk9tz3tu']
[2022-08-08 20:44:03,093] {standard_task_runner.py:80} INFO - Job 7: Subtask is_file_present
[2022-08-08 20:44:14,979] {task_command.py:369} INFO - Running <TaskInstance: student_dag.is_file_present manual__2022-08-08T20:43:27.760540+00:00 [running]> on host 67df3b1ed5c8
[2022-08-08 20:44:16,340] {taskinstance.py:1571} INFO - Exporting the following env vars:
AIRFLOW_CTX_DAG_OWNER=ankit
AIRFLOW_CTX_DAG_ID=student_dag
AIRFLOW_CTX_TASK_ID=is_file_present
AIRFLOW_CTX_EXECUTION_DATE=2022-08-08T20:43:27.760540+00:00
AIRFLOW_CTX_TRY_NUMBER=1
AIRFLOW_CTX_DAG_RUN_ID=manual__2022-08-08T20:43:27.760540+00:00
[2022-08-08 20:44:16,349] {base.py:68} INFO - Using connection ID 'student_file_conn' for task execution.
[2022-08-08 20:44:16,350] {filesystem.py:58} INFO - Poking for file /opt/***/datasets/Students_data.csv
[2022-08-08 20:44:16,352] {filesystem.py:63} INFO - Found File /opt/***/datasets/Students_data.csv last modified: 20220719222414
[2022-08-08 20:44:16,352] {base.py:301} INFO - Success criteria met. Exiting.
[2022-08-08 20:44:16,366] {taskinstance.py:1400} INFO - Marking task as SUCCESS. dag_id=student_dag, task_id=is_file_present, execution_date=20220808T204327, start_date=20220808T204350, end_date=20220808T204416
[2022-08-08 20:44:16,416] {local_task_job.py:156} INFO - Task exited with return code 0
[2022-08-08 20:44:16,465] {local_task_job.py:273} INFO - 1 downstream tasks scheduled from follow-on schedule check
