[2022-08-08 20:44:50,583] {taskinstance.py:1159} INFO - Dependencies all met for <TaskInstance: student_dag.postgres_tasks.is_table_loaded manual__2022-08-08T20:43:27.760540+00:00 [queued]>
[2022-08-08 20:44:50,602] {taskinstance.py:1159} INFO - Dependencies all met for <TaskInstance: student_dag.postgres_tasks.is_table_loaded manual__2022-08-08T20:43:27.760540+00:00 [queued]>
[2022-08-08 20:44:50,602] {taskinstance.py:1356} INFO - 
--------------------------------------------------------------------------------
[2022-08-08 20:44:50,603] {taskinstance.py:1357} INFO - Starting attempt 1 of 1
[2022-08-08 20:44:50,603] {taskinstance.py:1358} INFO - 
--------------------------------------------------------------------------------
[2022-08-08 20:44:50,645] {taskinstance.py:1377} INFO - Executing <Task(customPostgresSensor): postgres_tasks.is_table_loaded> on 2022-08-08 20:43:27.760540+00:00
[2022-08-08 20:44:50,651] {standard_task_runner.py:52} INFO - Started process 869 to run task
[2022-08-08 20:44:50,655] {standard_task_runner.py:79} INFO - Running: ['***', 'tasks', 'run', 'student_dag', 'postgres_tasks.is_table_loaded', 'manual__2022-08-08T20:43:27.760540+00:00', '--job-id', '14', '--raw', '--subdir', 'DAGS_FOLDER/students_dag.py', '--cfg-path', '/tmp/tmp3846e31z', '--error-file', '/tmp/tmphz_cmpk5']
[2022-08-08 20:44:50,657] {standard_task_runner.py:80} INFO - Job 14: Subtask postgres_tasks.is_table_loaded
[2022-08-08 20:44:50,738] {task_command.py:369} INFO - Running <TaskInstance: student_dag.postgres_tasks.is_table_loaded manual__2022-08-08T20:43:27.760540+00:00 [running]> on host 27972d936a32
[2022-08-08 20:44:50,833] {taskinstance.py:1571} INFO - Exporting the following env vars:
AIRFLOW_CTX_DAG_OWNER=ankit
AIRFLOW_CTX_DAG_ID=student_dag
AIRFLOW_CTX_TASK_ID=postgres_tasks.is_table_loaded
AIRFLOW_CTX_EXECUTION_DATE=2022-08-08T20:43:27.760540+00:00
AIRFLOW_CTX_TRY_NUMBER=1
AIRFLOW_CTX_DAG_RUN_ID=manual__2022-08-08T20:43:27.760540+00:00
[2022-08-08 20:44:50,844] {base.py:68} INFO - Using connection ID 'postgres_conn' for task execution.
[2022-08-08 20:44:50,859] {base.py:301} INFO - Success criteria met. Exiting.
[2022-08-08 20:44:50,872] {taskinstance.py:1400} INFO - Marking task as SUCCESS. dag_id=student_dag, task_id=postgres_tasks.is_table_loaded, execution_date=20220808T204327, start_date=20220808T204450, end_date=20220808T204450
[2022-08-08 20:44:50,909] {local_task_job.py:156} INFO - Task exited with return code 0
[2022-08-08 20:44:50,951] {local_task_job.py:273} INFO - 1 downstream tasks scheduled from follow-on schedule check
