[2022-08-07 18:37:13,069] {taskinstance.py:1159} INFO - Dependencies all met for <TaskInstance: student_dag.postgres_tasks.load_to_postgres manual__2022-08-07T18:37:09.660754+00:00 [queued]>
[2022-08-07 18:37:13,081] {taskinstance.py:1159} INFO - Dependencies all met for <TaskInstance: student_dag.postgres_tasks.load_to_postgres manual__2022-08-07T18:37:09.660754+00:00 [queued]>
[2022-08-07 18:37:13,081] {taskinstance.py:1356} INFO - 
--------------------------------------------------------------------------------
[2022-08-07 18:37:13,081] {taskinstance.py:1357} INFO - Starting attempt 1 of 1
[2022-08-07 18:37:13,082] {taskinstance.py:1358} INFO - 
--------------------------------------------------------------------------------
[2022-08-07 18:37:13,098] {taskinstance.py:1377} INFO - Executing <Task(customPostgresOperator): postgres_tasks.load_to_postgres> on 2022-08-07 18:37:09.660754+00:00
[2022-08-07 18:37:13,103] {standard_task_runner.py:52} INFO - Started process 9669 to run task
[2022-08-07 18:37:13,106] {standard_task_runner.py:79} INFO - Running: ['***', 'tasks', 'run', 'student_dag', 'postgres_tasks.load_to_postgres', 'manual__2022-08-07T18:37:09.660754+00:00', '--job-id', '39', '--raw', '--subdir', 'DAGS_FOLDER/students_dag.py', '--cfg-path', '/tmp/tmp_x0c8vnm', '--error-file', '/tmp/tmp6e9247ts']
[2022-08-07 18:37:13,107] {standard_task_runner.py:80} INFO - Job 39: Subtask postgres_tasks.load_to_postgres
[2022-08-07 18:37:13,161] {task_command.py:369} INFO - Running <TaskInstance: student_dag.postgres_tasks.load_to_postgres manual__2022-08-07T18:37:09.660754+00:00 [running]> on host 91b6e29a11f0
[2022-08-07 18:37:13,226] {taskinstance.py:1571} INFO - Exporting the following env vars:
AIRFLOW_CTX_DAG_OWNER=ankit
AIRFLOW_CTX_DAG_ID=student_dag
AIRFLOW_CTX_TASK_ID=postgres_tasks.load_to_postgres
AIRFLOW_CTX_EXECUTION_DATE=2022-08-07T18:37:09.660754+00:00
AIRFLOW_CTX_TRY_NUMBER=1
AIRFLOW_CTX_DAG_RUN_ID=manual__2022-08-07T18:37:09.660754+00:00
[2022-08-07 18:37:13,234] {base.py:68} INFO - Using connection ID 'postgres_conn' for task execution.
[2022-08-07 18:37:13,272] {taskinstance.py:1400} INFO - Marking task as SUCCESS. dag_id=student_dag, task_id=postgres_tasks.load_to_postgres, execution_date=20220807T183709, start_date=20220807T183713, end_date=20220807T183713
[2022-08-07 18:37:13,319] {local_task_job.py:156} INFO - Task exited with return code 0
[2022-08-07 18:37:13,362] {local_task_job.py:273} INFO - 1 downstream tasks scheduled from follow-on schedule check
